#
# There is insufficient memory for the Java Runtime Environment to continue.
# Native memory allocation (malloc) failed to allocate 1948336 bytes. Error detail: Chunk::new
# Possible reasons:
#   The system is out of physical RAM or swap space
#   This process is running with CompressedOops enabled, and the Java Heap may be blocking the growth of the native heap
# Possible solutions:
#   Reduce memory load on the system
#   Increase physical memory or swap space
#   Check if swap backing store is full
#   Decrease Java heap size (-Xmx/-Xms)
#   Decrease number of Java threads
#   Decrease Java thread stack sizes (-Xss)
#   Set larger code cache with -XX:ReservedCodeCacheSize=
#   JVM is running with Unscaled Compressed Oops mode in which the Java heap is
#     placed in the first 4GB address space. The Java Heap base address is the
#     maximum limit for the native heap growth. Please use -XX:HeapBaseMinAddress
#     to set the Java Heap base and to place the Java Heap above 4GB virtual address.
# This output file may be truncated or incomplete.
#
#  Out of Memory Error (arena.cpp:168), pid=8968, tid=13620
#
# JRE version: OpenJDK Runtime Environment Temurin-21.0.10+7 (21.0.10+7) (build 21.0.10+7-LTS)
# Java VM: OpenJDK 64-Bit Server VM Temurin-21.0.10+7 (21.0.10+7-LTS, mixed mode, sharing, tiered, compressed oops, compressed class ptrs, g1 gc, windows-amd64)
# No core dump will be written. Minidumps are not enabled by default on client versions of Windows
#

---------------  S U M M A R Y ------------

Command Line: --add-opens=java.base/java.lang=ALL-UNNAMED --add-opens=java.base/java.lang.invoke=ALL-UNNAMED --add-opens=java.base/java.util=ALL-UNNAMED --add-opens=java.prefs/java.util.prefs=ALL-UNNAMED --add-exports=jdk.compiler/com.sun.tools.javac.api=ALL-UNNAMED --add-exports=jdk.compiler/com.sun.tools.javac.util=ALL-UNNAMED --add-opens=java.base/java.util=ALL-UNNAMED --add-opens=java.prefs/java.util.prefs=ALL-UNNAMED --add-opens=java.base/java.nio.charset=ALL-UNNAMED --add-opens=java.base/java.net=ALL-UNNAMED --add-opens=java.base/java.util.concurrent.atomic=ALL-UNNAMED --add-opens=java.xml/javax.xml.namespace=ALL-UNNAMED -XX:MaxMetaspaceSize=1G -XX:ReservedCodeCacheSize=512m -XX:+HeapDumpOnOutOfMemoryError -Xmx2G -Dfile.encoding=UTF-8 -Duser.country=US -Duser.language=en -Duser.variant -javaagent:C:\Users\USER\.gradle\wrapper\dists\gradle-8.14-all\c2qonpi39x1mddn7hk5gh9iqj\gradle-8.14\lib\agents\gradle-instrumentation-agent-8.14.jar org.gradle.launcher.daemon.bootstrap.GradleDaemon 8.14

Host: Intel(R) Core(TM) i3-1005G1 CPU @ 1.20GHz, 4 cores, 3G,  Windows 11 , 64 bit Build 26100 (10.0.26100.7705)
Time: Thu Mar 26 18:43:23 2026 India Standard Time elapsed time: 398.493962 seconds (0d 0h 6m 38s)

---------------  T H R E A D  ---------------

Current thread (0x000001ed68d8a910):  JavaThread "C2 CompilerThread0" daemon [_thread_in_native, id=13620, stack(0x000000a361400000,0x000000a361500000) (1024K)]


Current CompileTask:
C2:398494 13721       4       org.gradle.internal.instantiation.generator.AbstractClassGenerator::inspectType (602 bytes)

Stack: [0x000000a361400000,0x000000a361500000]
Native frames: (J=compiled Java code, j=interpreted, Vv=VM code, C=native code)
V  [jvm.dll+0x6d7a39]
V  [jvm.dll+0x8b4b26]
V  [jvm.dll+0x8b70de]
V  [jvm.dll+0x8b77c3]
V  [jvm.dll+0x284346]
V  [jvm.dll+0xc66ed]
V  [jvm.dll+0xc6c31]
V  [jvm.dll+0x3bec01]
V  [jvm.dll+0x1e3f69]
V  [jvm.dll+0x24c6b3]
V  [jvm.dll+0x24bb40]
V  [jvm.dll+0x1cb34e]
V  [jvm.dll+0x25b85d]
V  [jvm.dll+0x259dea]
V  [jvm.dll+0x3f857e]
V  [jvm.dll+0x85f59d]
V  [jvm.dll+0x6d626d]
C  [ucrtbase.dll+0x37b0]
C  [KERNEL32.DLL+0x2e8d7]
C  [ntdll.dll+0x8c40c]


---------------  P R O C E S S  ---------------

Threads class SMR info:
_java_thread_list=0x000001ed73295c50, length=82, elements={
0x000001ed60cbd8b0, 0x000001ed68d72650, 0x000001ed68d75de0, 0x000001ed68d7deb0,
0x000001ed68d7f330, 0x000001ed68d80ab0, 0x000001ed68d829d0, 0x000001ed68d8a910,
0x000001ed68d8afd0, 0x000001ed6d142570, 0x000001ed6d216490, 0x000001ed6e9eb5d0,
0x000001ed6eb7e7c0, 0x000001ed6d474830, 0x000001ed6ec14cb0, 0x000001ed6d160b90,
0x000001ed6d161540, 0x000001ed6e707aa0, 0x000001ed6d0712a0, 0x000001ed6d06f1d0,
0x000001ed6d070580, 0x000001ed6d06f860, 0x000001ed6d071fc0, 0x000001ed6d070c10,
0x000001ed6d071930, 0x000001ed6d072650, 0x000001ed6f0fc440, 0x000001ed6f0fd160,
0x000001ed6f0fd7f0, 0x000001ed6f0fde80, 0x000001ed6f0fb090, 0x000001ed6f0fbdb0,
0x000001ed6e614f80, 0x000001ed6e616330, 0x000001ed6e615ca0, 0x000001ed6e6169c0,
0x000001ed6e613540, 0x000001ed6e617050, 0x000001ed6e6176e0, 0x000001ed6e614260,
0x000001ed6e617d70, 0x000001ed6e618400, 0x000001ed6e618a90, 0x000001ed6e61a4d0,
0x000001ed70e82580, 0x000001ed70e83930, 0x000001ed70e81ef0, 0x000001ed70e82c10,
0x000001ed70e81860, 0x000001ed70e832a0, 0x000001ed70e80b40, 0x000001ed70e811d0,
0x000001ed70e86090, 0x000001ed70e84650, 0x000001ed70e84ce0, 0x000001ed70e85a00,
0x000001ed70e85370, 0x000001ed70e87440, 0x000001ed70e87ad0, 0x000001ed70e88160,
0x000001ed7225daa0, 0x000001ed7225e130, 0x000001ed7225f4e0, 0x000001ed7225e7c0,
0x000001ed7225ee50, 0x000001ed7225c060, 0x000001ed7225fb70, 0x000001ed7225c6f0,
0x000001ed7225d410, 0x000001ed72cea890, 0x000001ed72cea200, 0x000001ed72cebc40,
0x000001ed72262960, 0x000001ed72262ff0, 0x000001ed722615b0, 0x000001ed6e615610,
0x000001ed70e83fc0, 0x000001ed732fc070, 0x000001ed732fb9e0, 0x000001ed732fb350,
0x000001ed732fa630, 0x000001ed72a7c6d0
}

Java Threads: ( => current thread )
  0x000001ed60cbd8b0 JavaThread "main"                              [_thread_blocked, id=15172, stack(0x000000a360600000,0x000000a360700000) (1024K)]
  0x000001ed68d72650 JavaThread "Reference Handler"          daemon [_thread_blocked, id=17004, stack(0x000000a360e00000,0x000000a360f00000) (1024K)]
  0x000001ed68d75de0 JavaThread "Finalizer"                  daemon [_thread_blocked, id=11712, stack(0x000000a360f00000,0x000000a361000000) (1024K)]
  0x000001ed68d7deb0 JavaThread "Signal Dispatcher"          daemon [_thread_blocked, id=17348, stack(0x000000a361000000,0x000000a361100000) (1024K)]
  0x000001ed68d7f330 JavaThread "Attach Listener"            daemon [_thread_blocked, id=15176, stack(0x000000a361100000,0x000000a361200000) (1024K)]
  0x000001ed68d80ab0 JavaThread "Service Thread"             daemon [_thread_blocked, id=7680, stack(0x000000a361200000,0x000000a361300000) (1024K)]
  0x000001ed68d829d0 JavaThread "Monitor Deflation Thread"   daemon [_thread_blocked, id=7752, stack(0x000000a361300000,0x000000a361400000) (1024K)]
=>0x000001ed68d8a910 JavaThread "C2 CompilerThread0"         daemon [_thread_in_native, id=13620, stack(0x000000a361400000,0x000000a361500000) (1024K)]
  0x000001ed68d8afd0 JavaThread "C1 CompilerThread0"         daemon [_thread_blocked, id=7448, stack(0x000000a361500000,0x000000a361600000) (1024K)]
  0x000001ed6d142570 JavaThread "Common-Cleaner"             daemon [_thread_blocked, id=17620, stack(0x000000a361600000,0x000000a361700000) (1024K)]
  0x000001ed6d216490 JavaThread "Notification Thread"        daemon [_thread_blocked, id=4404, stack(0x000000a361700000,0x000000a361800000) (1024K)]
  0x000001ed6e9eb5d0 JavaThread "Daemon health stats"               [_thread_blocked, id=632, stack(0x000000a361b00000,0x000000a361c00000) (1024K)]
  0x000001ed6eb7e7c0 JavaThread "Incoming local TCP Connector on port 56894"        [_thread_in_native, id=7800, stack(0x000000a361c00000,0x000000a361d00000) (1024K)]
  0x000001ed6d474830 JavaThread "Daemon periodic checks"            [_thread_blocked, id=12924, stack(0x000000a361d00000,0x000000a361e00000) (1024K)]
  0x000001ed6ec14cb0 JavaThread "Daemon"                            [_thread_blocked, id=2028, stack(0x000000a361e00000,0x000000a361f00000) (1024K)]
  0x000001ed6d160b90 JavaThread "Handler for socket connection from /127.0.0.1:56894 to /127.0.0.1:56895"        [_thread_in_native, id=10304, stack(0x000000a361f00000,0x000000a362000000) (1024K)]
  0x000001ed6d161540 JavaThread "Cancel handler"                    [_thread_blocked, id=18272, stack(0x000000a362000000,0x000000a362100000) (1024K)]
  0x000001ed6e707aa0 JavaThread "Daemon worker"                     [_thread_in_Java, id=9876, stack(0x000000a362100000,0x000000a362200000) (1024K)]
  0x000001ed6d0712a0 JavaThread "Asynchronous log dispatcher for DefaultDaemonConnection: socket connection from /127.0.0.1:56894 to /127.0.0.1:56895"        [_thread_blocked, id=15876, stack(0x000000a362200000,0x000000a362300000) (1024K)]
  0x000001ed6d06f1d0 JavaThread "Stdin handler"                     [_thread_blocked, id=4332, stack(0x000000a362300000,0x000000a362400000) (1024K)]
  0x000001ed6d070580 JavaThread "Daemon client event forwarder"        [_thread_blocked, id=7632, stack(0x000000a362400000,0x000000a362500000) (1024K)]
  0x000001ed6d06f860 JavaThread "Cache worker for journal cache (C:\Users\USER\.gradle\caches\journal-1)"        [_thread_blocked, id=18144, stack(0x000000a362500000,0x000000a362600000) (1024K)]
  0x000001ed6d071fc0 JavaThread "File lock request listener"        [_thread_in_native, id=17388, stack(0x000000a362600000,0x000000a362700000) (1024K)]
  0x000001ed6d070c10 JavaThread "Cache worker for file hash cache (C:\Users\USER\.gradle\caches\8.14\fileHashes)"        [_thread_blocked, id=15500, stack(0x000000a362700000,0x000000a362800000) (1024K)]
  0x000001ed6d071930 JavaThread "Cache worker for file hash cache (C:\Users\USER\OneDrive\MUSENZY2.1\android\.gradle\8.14\fileHashes)"        [_thread_blocked, id=11456, stack(0x000000a362800000,0x000000a362900000) (1024K)]
  0x000001ed6d072650 JavaThread "Cache worker for Build Output Cleanup Cache (C:\Users\USER\OneDrive\MUSENZY2.1\android\.gradle\buildOutputCleanup)"        [_thread_blocked, id=16764, stack(0x000000a362900000,0x000000a362a00000) (1024K)]
  0x000001ed6f0fc440 JavaThread "File watcher server"        daemon [_thread_in_native, id=15704, stack(0x000000a362a00000,0x000000a362b00000) (1024K)]
  0x000001ed6f0fd160 JavaThread "File watcher consumer"      daemon [_thread_blocked, id=14380, stack(0x000000a362b00000,0x000000a362c00000) (1024K)]
  0x000001ed6f0fd7f0 JavaThread "Cache worker for checksums cache (C:\Users\USER\OneDrive\MUSENZY2.1\android\.gradle\8.14\checksums)"        [_thread_blocked, id=13048, stack(0x000000a362c00000,0x000000a362d00000) (1024K)]
  0x000001ed6f0fde80 JavaThread "Cache worker for file content cache (C:\Users\USER\.gradle\caches\8.14\fileContent)"        [_thread_blocked, id=15612, stack(0x000000a362d00000,0x000000a362e00000) (1024K)]
  0x000001ed6f0fb090 JavaThread "Cache worker for cache directory md-supplier (C:\Users\USER\.gradle\caches\8.14\md-supplier)"        [_thread_blocked, id=12252, stack(0x000000a362e00000,0x000000a362f00000) (1024K)]
  0x000001ed6f0fbdb0 JavaThread "Cache worker for cache directory md-rule (C:\Users\USER\.gradle\caches\8.14\md-rule)"        [_thread_blocked, id=1416, stack(0x000000a362f00000,0x000000a363000000) (1024K)]
  0x000001ed6e614f80 JavaThread "Cache worker for Build Output Cleanup Cache (C:\flutter\packages\flutter_tools\gradle\.gradle\buildOutputCleanup)"        [_thread_blocked, id=15848, stack(0x000000a363000000,0x000000a363100000) (1024K)]
  0x000001ed6e616330 JavaThread "Unconstrained build operations"        [_thread_blocked, id=1732, stack(0x000000a360400000,0x000000a360500000) (1024K)]
  0x000001ed6e615ca0 JavaThread "Unconstrained build operations Thread 2"        [_thread_blocked, id=16500, stack(0x000000a360500000,0x000000a360600000) (1024K)]
  0x000001ed6e6169c0 JavaThread "Unconstrained build operations Thread 3"        [_thread_blocked, id=16996, stack(0x000000a363200000,0x000000a363300000) (1024K)]
  0x000001ed6e613540 JavaThread "Unconstrained build operations Thread 4"        [_thread_blocked, id=14036, stack(0x000000a363300000,0x000000a363400000) (1024K)]
  0x000001ed6e617050 JavaThread "Unconstrained build operations Thread 5"        [_thread_blocked, id=2688, stack(0x000000a363400000,0x000000a363500000) (1024K)]
  0x000001ed6e6176e0 JavaThread "Unconstrained build operations Thread 6"        [_thread_blocked, id=13172, stack(0x000000a363500000,0x000000a363600000) (1024K)]
  0x000001ed6e614260 JavaThread "Unconstrained build operations Thread 7"        [_thread_blocked, id=14324, stack(0x000000a363600000,0x000000a363700000) (1024K)]
  0x000001ed6e617d70 JavaThread "Unconstrained build operations Thread 8"        [_thread_blocked, id=17412, stack(0x000000a363700000,0x000000a363800000) (1024K)]
  0x000001ed6e618400 JavaThread "Unconstrained build operations Thread 9"        [_thread_blocked, id=6364, stack(0x000000a363800000,0x000000a363900000) (1024K)]
  0x000001ed6e618a90 JavaThread "Memory manager"                    [_thread_blocked, id=17208, stack(0x000000a363900000,0x000000a363a00000) (1024K)]
  0x000001ed6e61a4d0 JavaThread "build event listener"              [_thread_blocked, id=14604, stack(0x000000a363a00000,0x000000a363b00000) (1024K)]
  0x000001ed70e82580 JavaThread "Execution worker"                  [_thread_blocked, id=6332, stack(0x000000a363d00000,0x000000a363e00000) (1024K)]
  0x000001ed70e83930 JavaThread "Execution worker Thread 2"         [_thread_blocked, id=14432, stack(0x000000a363e00000,0x000000a363f00000) (1024K)]
  0x000001ed70e81ef0 JavaThread "Execution worker Thread 3"         [_thread_blocked, id=12908, stack(0x000000a363f00000,0x000000a364000000) (1024K)]
  0x000001ed70e82c10 JavaThread "Cache worker for execution history cache (C:\flutter\packages\flutter_tools\gradle\.gradle\8.14\executionHistory)"        [_thread_blocked, id=16644, stack(0x000000a364000000,0x000000a364100000) (1024K)]
  0x000001ed70e81860 JavaThread "Unconstrained build operations Thread 10"        [_thread_blocked, id=18420, stack(0x000000a364100000,0x000000a364200000) (1024K)]
  0x000001ed70e832a0 JavaThread "Unconstrained build operations Thread 11"        [_thread_blocked, id=18020, stack(0x000000a364200000,0x000000a364300000) (1024K)]
  0x000001ed70e80b40 JavaThread "Unconstrained build operations Thread 12"        [_thread_blocked, id=12036, stack(0x000000a364300000,0x000000a364400000) (1024K)]
  0x000001ed70e811d0 JavaThread "Unconstrained build operations Thread 13"        [_thread_blocked, id=10984, stack(0x000000a364400000,0x000000a364500000) (1024K)]
  0x000001ed70e86090 JavaThread "Unconstrained build operations Thread 14"        [_thread_blocked, id=15268, stack(0x000000a364500000,0x000000a364600000) (1024K)]
  0x000001ed70e84650 JavaThread "Unconstrained build operations Thread 15"        [_thread_blocked, id=14904, stack(0x000000a364600000,0x000000a364700000) (1024K)]
  0x000001ed70e84ce0 JavaThread "Unconstrained build operations Thread 16"        [_thread_blocked, id=15164, stack(0x000000a364700000,0x000000a364800000) (1024K)]
  0x000001ed70e85a00 JavaThread "Unconstrained build operations Thread 17"        [_thread_blocked, id=13108, stack(0x000000a364800000,0x000000a364900000) (1024K)]
  0x000001ed70e85370 JavaThread "Unconstrained build operations Thread 18"        [_thread_blocked, id=9112, stack(0x000000a364900000,0x000000a364a00000) (1024K)]
  0x000001ed70e87440 JavaThread "Unconstrained build operations Thread 19"        [_thread_blocked, id=3028, stack(0x000000a364a00000,0x000000a364b00000) (1024K)]
  0x000001ed70e87ad0 JavaThread "Unconstrained build operations Thread 20"        [_thread_blocked, id=16900, stack(0x000000a364b00000,0x000000a364c00000) (1024K)]
  0x000001ed70e88160 JavaThread "Unconstrained build operations Thread 21"        [_thread_blocked, id=15100, stack(0x000000a364e00000,0x000000a364f00000) (1024K)]
  0x000001ed7225daa0 JavaThread "Unconstrained build operations Thread 22"        [_thread_blocked, id=14288, stack(0x000000a364f00000,0x000000a365000000) (1024K)]
  0x000001ed7225e130 JavaThread "Unconstrained build operations Thread 23"        [_thread_blocked, id=17036, stack(0x000000a365000000,0x000000a365100000) (1024K)]
  0x000001ed7225f4e0 JavaThread "Unconstrained build operations Thread 24"        [_thread_blocked, id=3916, stack(0x000000a365100000,0x000000a365200000) (1024K)]
  0x000001ed7225e7c0 JavaThread "Unconstrained build operations Thread 25"        [_thread_blocked, id=8640, stack(0x000000a365200000,0x000000a365300000) (1024K)]
  0x000001ed7225ee50 JavaThread "Unconstrained build operations Thread 26"        [_thread_blocked, id=9396, stack(0x000000a365300000,0x000000a365400000) (1024K)]
  0x000001ed7225c060 JavaThread "Unconstrained build operations Thread 27"        [_thread_blocked, id=12888, stack(0x000000a363b00000,0x000000a363c00000) (1024K)]
  0x000001ed7225fb70 JavaThread "Unconstrained build operations Thread 28"        [_thread_blocked, id=14108, stack(0x000000a365400000,0x000000a365500000) (1024K)]
  0x000001ed7225c6f0 JavaThread "Unconstrained build operations Thread 29"        [_thread_blocked, id=12780, stack(0x000000a365500000,0x000000a365600000) (1024K)]
  0x000001ed7225d410 JavaThread "build event listener"              [_thread_blocked, id=14856, stack(0x000000a363c00000,0x000000a363d00000) (1024K)]
  0x000001ed72cea890 JavaThread "jar transforms"                    [_thread_blocked, id=6340, stack(0x000000a363100000,0x000000a363200000) (1024K)]
  0x000001ed72cea200 JavaThread "Unconstrained build operations Thread 30"        [_thread_blocked, id=7528, stack(0x000000a365600000,0x000000a365700000) (1024K)]
  0x000001ed72cebc40 JavaThread "Unconstrained build operations Thread 31"        [_thread_blocked, id=13196, stack(0x000000a365700000,0x000000a365800000) (1024K)]
  0x000001ed72262960 JavaThread "Unconstrained build operations Thread 32"        [_thread_blocked, id=13604, stack(0x000000a365800000,0x000000a365900000) (1024K)]
  0x000001ed72262ff0 JavaThread "Unconstrained build operations Thread 33"        [_thread_blocked, id=17628, stack(0x000000a365900000,0x000000a365a00000) (1024K)]
  0x000001ed722615b0 JavaThread "Unconstrained build operations Thread 34"        [_thread_blocked, id=15204, stack(0x000000a365a00000,0x000000a365b00000) (1024K)]
  0x000001ed6e615610 JavaThread "Unconstrained build operations Thread 35"        [_thread_blocked, id=16456, stack(0x000000a365b00000,0x000000a365c00000) (1024K)]
  0x000001ed70e83fc0 JavaThread "Unconstrained build operations Thread 36"        [_thread_blocked, id=15992, stack(0x000000a365c00000,0x000000a365d00000) (1024K)]
  0x000001ed732fc070 JavaThread "Unconstrained build operations Thread 37"        [_thread_blocked, id=16620, stack(0x000000a365d00000,0x000000a365e00000) (1024K)]
  0x000001ed732fb9e0 JavaThread "Unconstrained build operations Thread 38"        [_thread_blocked, id=10724, stack(0x000000a365e00000,0x000000a365f00000) (1024K)]
  0x000001ed732fb350 JavaThread "jar transforms Thread 2"           [_thread_blocked, id=16064, stack(0x000000a365f00000,0x000000a366000000) (1024K)]
  0x000001ed732fa630 JavaThread "Problems report writer"            [_thread_blocked, id=17056, stack(0x000000a366000000,0x000000a366100000) (1024K)]
  0x000001ed72a7c6d0 JavaThread "File lock release action executor Thread 2"        [_thread_blocked, id=4592, stack(0x000000a366100000,0x000000a366200000) (1024K)]
Total: 82

Other Threads:
  0x000001ed68d54ea0 VMThread "VM Thread"                           [id=7664, stack(0x000000a360d00000,0x000000a360e00000) (1024K)]
  0x000001ed68d42740 WatcherThread "VM Periodic Task Thread"        [id=14500, stack(0x000000a360c00000,0x000000a360d00000) (1024K)]
  0x000001ed60d15dc0 WorkerThread "GC Thread#0"                     [id=18004, stack(0x000000a360700000,0x000000a360800000) (1024K)]
  0x000001ed6d21a530 WorkerThread "GC Thread#1"                     [id=15124, stack(0x000000a361800000,0x000000a361900000) (1024K)]
  0x000001ed6d35c700 WorkerThread "GC Thread#2"                     [id=13940, stack(0x000000a361900000,0x000000a361a00000) (1024K)]
  0x000001ed6db21460 WorkerThread "GC Thread#3"                     [id=18428, stack(0x000000a361a00000,0x000000a361b00000) (1024K)]
  0x000001ed60d26cc0 ConcurrentGCThread "G1 Main Marker"            [id=9852, stack(0x000000a360800000,0x000000a360900000) (1024K)]
  0x000001ed60d29d80 WorkerThread "G1 Conc#0"                       [id=17160, stack(0x000000a360900000,0x000000a360a00000) (1024K)]
  0x000001ed68c210a0 ConcurrentGCThread "G1 Refine#0"               [id=7320, stack(0x000000a360a00000,0x000000a360b00000) (1024K)]
  0x000001ed68c21b30 ConcurrentGCThread "G1 Service"                [id=3804, stack(0x000000a360b00000,0x000000a360c00000) (1024K)]
Total: 10

Threads with active compile tasks:
C2 CompilerThread0  398613 13721       4       org.gradle.internal.instantiation.generator.AbstractClassGenerator::inspectType (602 bytes)
Total: 1

VM state: not at safepoint (normal execution)

VM Mutex/Monitor currently owned by a thread: None

Heap address: 0x0000000080000000, size: 2048 MB, Compressed Oops mode: 32-bit

CDS archive(s) mapped at: [0x000001ed20000000-0x000001ed20ba0000-0x000001ed20ba0000), size 12189696, SharedBaseAddress: 0x000001ed20000000, ArchiveRelocationMode: 1.
Compressed class space mapped at: 0x000001ed21000000-0x000001ed55000000, reserved size: 872415232
Narrow klass base: 0x000001ed20000000, Narrow klass shift: 0, Narrow klass range: 0x100000000

GC Precious Log:
 CardTable entry size: 512
 Card Set container configuration: InlinePtr #cards 5 size 8 Array Of Cards #cards 12 size 40 Howl #buckets 4 coarsen threshold 1843 Howl Bitmap #cards 512 size 80 coarsen threshold 460 Card regions per heap region 1 cards per card region 2048
 CPUs: 4 total, 4 available
 Memory: 3863M
 Large Page Support: Disabled
 NUMA Support: Disabled
 Compressed Oops: Enabled (32-bit)
 Heap Region Size: 1M
 Heap Min Capacity: 8M
 Heap Initial Capacity: 62M
 Heap Max Capacity: 2G
 Pre-touch: Disabled
 Parallel Workers: 4
 Concurrent Workers: 1
 Concurrent Refinement Workers: 4
 Periodic GC: Disabled

Heap:
 garbage-first heap   total 230400K, used 157893K [0x0000000080000000, 0x0000000100000000)
  region size 1024K, 30 young (30720K), 6 survivors (6144K)
 Metaspace       used 105339K, committed 107712K, reserved 983040K
  class space    used 14971K, committed 16128K, reserved 851968K

Heap Regions: E=young(eden), S=young(survivor), O=old, HS=humongous(starts), HC=humongous(continues), CS=collection set, F=free, TAMS=top-at-mark-start, PB=parsable bottom
|   0|0x0000000080000000, 0x0000000080100000, 0x0000000080100000|100%|HS|  |TAMS 0x0000000080000000| PB 0x0000000080000000| Complete 
|   1|0x0000000080100000, 0x0000000080200000, 0x0000000080200000|100%|HC|  |TAMS 0x0000000080100000| PB 0x0000000080100000| Complete 
|   2|0x0000000080200000, 0x0000000080300000, 0x0000000080300000|100%|HC|  |TAMS 0x0000000080200000| PB 0x0000000080200000| Complete 
|   3|0x0000000080300000, 0x0000000080400000, 0x0000000080400000|100%| O|  |TAMS 0x0000000080300000| PB 0x0000000080300000| Untracked 
|   4|0x0000000080400000, 0x0000000080500000, 0x0000000080500000|100%| O|  |TAMS 0x0000000080400000| PB 0x0000000080400000| Untracked 
|   5|0x0000000080500000, 0x0000000080600000, 0x0000000080600000|100%| O|  |TAMS 0x0000000080500000| PB 0x0000000080500000| Untracked 
|   6|0x0000000080600000, 0x0000000080700000, 0x0000000080700000|100%| O|  |TAMS 0x0000000080600000| PB 0x0000000080600000| Untracked 
|   7|0x0000000080700000, 0x0000000080800000, 0x0000000080800000|100%| O|  |TAMS 0x0000000080700000| PB 0x0000000080700000| Untracked 
|   8|0x0000000080800000, 0x0000000080900000, 0x0000000080900000|100%| O|  |TAMS 0x0000000080800000| PB 0x0000000080800000| Untracked 
|   9|0x0000000080900000, 0x0000000080a00000, 0x0000000080a00000|100%| O|  |TAMS 0x0000000080900000| PB 0x0000000080900000| Untracked 
|  10|0x0000000080a00000, 0x0000000080b00000, 0x0000000080b00000|100%|HS|  |TAMS 0x0000000080a00000| PB 0x0000000080a00000| Complete 
|  11|0x0000000080b00000, 0x0000000080c00000, 0x0000000080c00000|100%| O|  |TAMS 0x0000000080b00000| PB 0x0000000080b00000| Untracked 
|  12|0x0000000080c00000, 0x0000000080d00000, 0x0000000080d00000|100%| O|  |TAMS 0x0000000080c00000| PB 0x0000000080c00000| Untracked 
|  13|0x0000000080d00000, 0x0000000080e00000, 0x0000000080e00000|100%| O|  |TAMS 0x0000000080d00000| PB 0x0000000080d00000| Untracked 
|  14|0x0000000080e00000, 0x0000000080f00000, 0x0000000080f00000|100%| O|  |TAMS 0x0000000080e00000| PB 0x0000000080e00000| Untracked 
|  15|0x0000000080f00000, 0x0000000081000000, 0x0000000081000000|100%| O|  |TAMS 0x0000000080f00000| PB 0x0000000080f00000| Untracked 
|  16|0x0000000081000000, 0x0000000081100000, 0x0000000081100000|100%| O|  |TAMS 0x0000000081000000| PB 0x0000000081000000| Untracked 
|  17|0x0000000081100000, 0x0000000081200000, 0x0000000081200000|100%| O|  |TAMS 0x0000000081100000| PB 0x0000000081100000| Untracked 
|  18|0x0000000081200000, 0x0000000081300000, 0x0000000081300000|100%| O|  |TAMS 0x0000000081200000| PB 0x0000000081200000| Untracked 
|  19|0x0000000081300000, 0x0000000081400000, 0x0000000081400000|100%| O|  |TAMS 0x0000000081300000| PB 0x0000000081300000| Untracked 
|  20|0x0000000081400000, 0x0000000081500000, 0x0000000081500000|100%| O|  |TAMS 0x0000000081400000| PB 0x0000000081400000| Untracked 
|  21|0x0000000081500000, 0x0000000081600000, 0x0000000081600000|100%| O|  |TAMS 0x0000000081500000| PB 0x0000000081500000| Untracked 
|  22|0x0000000081600000, 0x0000000081700000, 0x0000000081700000|100%| O|  |TAMS 0x0000000081600000| PB 0x0000000081600000| Untracked 
|  23|0x0000000081700000, 0x0000000081800000, 0x0000000081800000|100%| O|  |TAMS 0x0000000081700000| PB 0x0000000081700000| Untracked 
|  24|0x0000000081800000, 0x0000000081900000, 0x0000000081900000|100%| O|  |TAMS 0x0000000081800000| PB 0x0000000081800000| Untracked 
|  25|0x0000000081900000, 0x0000000081a00000, 0x0000000081a00000|100%| O|  |TAMS 0x0000000081900000| PB 0x0000000081900000| Untracked 
|  26|0x0000000081a00000, 0x0000000081b00000, 0x0000000081b00000|100%| O|  |TAMS 0x0000000081a00000| PB 0x0000000081a00000| Untracked 
|  27|0x0000000081b00000, 0x0000000081c00000, 0x0000000081c00000|100%| O|  |TAMS 0x0000000081b00000| PB 0x0000000081b00000| Untracked 
|  28|0x0000000081c00000, 0x0000000081d00000, 0x0000000081d00000|100%| O|  |TAMS 0x0000000081c00000| PB 0x0000000081c00000| Untracked 
|  29|0x0000000081d00000, 0x0000000081e00000, 0x0000000081e00000|100%| O|  |TAMS 0x0000000081d00000| PB 0x0000000081d00000| Untracked 
|  30|0x0000000081e00000, 0x0000000081f00000, 0x0000000081f00000|100%| O|  |TAMS 0x0000000081e00000| PB 0x0000000081e00000| Untracked 
|  31|0x0000000081f00000, 0x0000000082000000, 0x0000000082000000|100%| O|  |TAMS 0x0000000081f00000| PB 0x0000000081f00000| Untracked 
|  32|0x0000000082000000, 0x0000000082100000, 0x0000000082100000|100%| O|  |TAMS 0x0000000082000000| PB 0x0000000082000000| Untracked 
|  33|0x0000000082100000, 0x0000000082200000, 0x0000000082200000|100%| O|  |TAMS 0x0000000082100000| PB 0x0000000082100000| Untracked 
|  34|0x0000000082200000, 0x0000000082300000, 0x0000000082300000|100%| O|  |TAMS 0x0000000082200000| PB 0x0000000082200000| Untracked 
|  35|0x0000000082300000, 0x0000000082400000, 0x0000000082400000|100%| O|  |TAMS 0x0000000082300000| PB 0x0000000082300000| Untracked 
|  36|0x0000000082400000, 0x0000000082500000, 0x0000000082500000|100%| O|  |TAMS 0x0000000082400000| PB 0x0000000082400000| Untracked 
|  37|0x0000000082500000, 0x0000000082600000, 0x0000000082600000|100%| O|  |TAMS 0x0000000082500000| PB 0x0000000082500000| Untracked 
|  38|0x0000000082600000, 0x0000000082700000, 0x0000000082700000|100%| O|  |TAMS 0x0000000082600000| PB 0x0000000082600000| Untracked 
|  39|0x0000000082700000, 0x0000000082800000, 0x0000000082800000|100%| O|  |TAMS 0x0000000082700000| PB 0x0000000082700000| Untracked 
|  40|0x0000000082800000, 0x0000000082900000, 0x0000000082900000|100%| O|  |TAMS 0x0000000082800000| PB 0x0000000082800000| Untracked 
|  41|0x0000000082900000, 0x0000000082a00000, 0x0000000082a00000|100%| O|  |TAMS 0x0000000082900000| PB 0x0000000082900000| Untracked 
|  42|0x0000000082a00000, 0x0000000082b00000, 0x0000000082b00000|100%| O|  |TAMS 0x0000000082a00000| PB 0x0000000082a00000| Untracked 
|  43|0x0000000082b00000, 0x0000000082c00000, 0x0000000082c00000|100%|HS|  |TAMS 0x0000000082b00000| PB 0x0000000082b00000| Complete 
|  44|0x0000000082c00000, 0x0000000082d00000, 0x0000000082d00000|100%|HC|  |TAMS 0x0000000082c00000| PB 0x0000000082c00000| Complete 
|  45|0x0000000082d00000, 0x0000000082e00000, 0x0000000082e00000|100%|HS|  |TAMS 0x0000000082d00000| PB 0x0000000082d00000| Complete 
|  46|0x0000000082e00000, 0x0000000082f00000, 0x0000000082f00000|100%|HC|  |TAMS 0x0000000082e00000| PB 0x0000000082e00000| Complete 
|  47|0x0000000082f00000, 0x0000000083000000, 0x0000000083000000|100%|HS|  |TAMS 0x0000000082f00000| PB 0x0000000082f00000| Complete 
|  48|0x0000000083000000, 0x0000000083100000, 0x0000000083100000|100%|HC|  |TAMS 0x0000000083000000| PB 0x0000000083000000| Complete 
|  49|0x0000000083100000, 0x0000000083200000, 0x0000000083200000|100%|HC|  |TAMS 0x0000000083100000| PB 0x0000000083100000| Complete 
|  50|0x0000000083200000, 0x0000000083300000, 0x0000000083300000|100%| O|  |TAMS 0x0000000083200000| PB 0x0000000083200000| Untracked 
|  51|0x0000000083300000, 0x0000000083400000, 0x0000000083400000|100%| O|  |TAMS 0x0000000083300000| PB 0x0000000083300000| Untracked 
|  52|0x0000000083400000, 0x0000000083500000, 0x0000000083500000|100%| O|  |TAMS 0x0000000083400000| PB 0x0000000083400000| Untracked 
|  53|0x0000000083500000, 0x0000000083600000, 0x0000000083600000|100%| O|  |TAMS 0x0000000083500000| PB 0x0000000083500000| Untracked 
|  54|0x0000000083600000, 0x0000000083700000, 0x0000000083700000|100%|HS|  |TAMS 0x0000000083600000| PB 0x0000000083600000| Complete 
|  55|0x0000000083700000, 0x0000000083800000, 0x0000000083800000|100%|HC|  |TAMS 0x0000000083700000| PB 0x0000000083700000| Complete 
|  56|0x0000000083800000, 0x0000000083900000, 0x0000000083900000|100%|HC|  |TAMS 0x0000000083800000| PB 0x0000000083800000| Complete 
|  57|0x0000000083900000, 0x0000000083a00000, 0x0000000083a00000|100%| O|  |TAMS 0x0000000083900000| PB 0x0000000083900000| Untracked 
|  58|0x0000000083a00000, 0x0000000083b00000, 0x0000000083b00000|100%| O|  |TAMS 0x0000000083a00000| PB 0x0000000083a00000| Untracked 
|  59|0x0000000083b00000, 0x0000000083c00000, 0x0000000083c00000|100%| O|  |TAMS 0x0000000083b00000| PB 0x0000000083b00000| Untracked 
|  60|0x0000000083c00000, 0x0000000083d00000, 0x0000000083d00000|100%| O|  |TAMS 0x0000000083c00000| PB 0x0000000083c00000| Untracked 
|  61|0x0000000083d00000, 0x0000000083e00000, 0x0000000083e00000|100%| O|  |TAMS 0x0000000083d00000| PB 0x0000000083d00000| Untracked 
|  62|0x0000000083e00000, 0x0000000083f00000, 0x0000000083f00000|100%| O|  |TAMS 0x0000000083e00000| PB 0x0000000083e00000| Untracked 
|  63|0x0000000083f00000, 0x0000000084000000, 0x0000000084000000|100%| O|  |TAMS 0x0000000083f00000| PB 0x0000000083f00000| Untracked 
|  64|0x0000000084000000, 0x0000000084100000, 0x0000000084100000|100%| O|  |TAMS 0x0000000084000000| PB 0x0000000084000000| Untracked 
|  65|0x0000000084100000, 0x0000000084200000, 0x0000000084200000|100%| O|  |TAMS 0x0000000084100000| PB 0x0000000084100000| Untracked 
|  66|0x0000000084200000, 0x0000000084300000, 0x0000000084300000|100%| O|  |TAMS 0x0000000084200000| PB 0x0000000084200000| Untracked 
|  67|0x0000000084300000, 0x0000000084400000, 0x0000000084400000|100%|HS|  |TAMS 0x0000000084300000| PB 0x0000000084300000| Complete 
|  68|0x0000000084400000, 0x0000000084500000, 0x0000000084500000|100%| O|  |TAMS 0x0000000084400000| PB 0x0000000084400000| Untracked 
|  69|0x0000000084500000, 0x0000000084600000, 0x0000000084600000|100%| O|  |TAMS 0x0000000084500000| PB 0x0000000084500000| Untracked 
|  70|0x0000000084600000, 0x0000000084700000, 0x0000000084700000|100%|HS|  |TAMS 0x0000000084600000| PB 0x0000000084600000| Complete 
|  71|0x0000000084700000, 0x0000000084800000, 0x0000000084800000|100%|HS|  |TAMS 0x0000000084700000| PB 0x0000000084700000| Complete 
|  72|0x0000000084800000, 0x0000000084900000, 0x0000000084900000|100%|HS|  |TAMS 0x0000000084800000| PB 0x0000000084800000| Complete 
|  73|0x0000000084900000, 0x0000000084a00000, 0x0000000084a00000|100%| O|  |TAMS 0x0000000084900000| PB 0x0000000084900000| Untracked 
|  74|0x0000000084a00000, 0x0000000084b00000, 0x0000000084b00000|100%|HS|  |TAMS 0x0000000084a00000| PB 0x0000000084a00000| Complete 
|  75|0x0000000084b00000, 0x0000000084c00000, 0x0000000084c00000|100%|HC|  |TAMS 0x0000000084b00000| PB 0x0000000084b00000| Complete 
|  76|0x0000000084c00000, 0x0000000084d00000, 0x0000000084d00000|100%|HS|  |TAMS 0x0000000084c00000| PB 0x0000000084c00000| Complete 
|  77|0x0000000084d00000, 0x0000000084e00000, 0x0000000084e00000|100%| O|  |TAMS 0x0000000084d00000| PB 0x0000000084d00000| Untracked 
|  78|0x0000000084e00000, 0x0000000084f00000, 0x0000000084f00000|100%| O|  |TAMS 0x0000000084e00000| PB 0x0000000084e00000| Untracked 
|  79|0x0000000084f00000, 0x0000000085000000, 0x0000000085000000|100%| O|  |TAMS 0x0000000084f00000| PB 0x0000000084f00000| Untracked 
|  80|0x0000000085000000, 0x0000000085100000, 0x0000000085100000|100%| O|  |TAMS 0x0000000085000000| PB 0x0000000085000000| Untracked 
|  81|0x0000000085100000, 0x0000000085200000, 0x0000000085200000|100%| O|  |TAMS 0x0000000085100000| PB 0x0000000085100000| Untracked 
|  82|0x0000000085200000, 0x0000000085300000, 0x0000000085300000|100%| O|  |TAMS 0x0000000085200000| PB 0x0000000085200000| Untracked 
|  83|0x0000000085300000, 0x0000000085400000, 0x0000000085400000|100%| O|  |TAMS 0x0000000085300000| PB 0x0000000085300000| Untracked 
|  84|0x0000000085400000, 0x0000000085500000, 0x0000000085500000|100%|HS|  |TAMS 0x0000000085400000| PB 0x0000000085400000| Complete 
|  85|0x0000000085500000, 0x0000000085600000, 0x0000000085600000|100%|HC|  |TAMS 0x0000000085500000| PB 0x0000000085500000| Complete 
|  86|0x0000000085600000, 0x0000000085700000, 0x0000000085700000|100%|HS|  |TAMS 0x0000000085600000| PB 0x0000000085600000| Complete 
|  87|0x0000000085700000, 0x0000000085800000, 0x0000000085800000|100%| O|  |TAMS 0x0000000085700000| PB 0x0000000085700000| Untracked 
|  88|0x0000000085800000, 0x0000000085900000, 0x0000000085900000|100%| O|  |TAMS 0x0000000085800000| PB 0x0000000085800000| Untracked 
|  89|0x0000000085900000, 0x0000000085a00000, 0x0000000085a00000|100%| O|  |TAMS 0x0000000085900000| PB 0x0000000085900000| Untracked 
|  90|0x0000000085a00000, 0x0000000085b00000, 0x0000000085b00000|100%| O|  |TAMS 0x0000000085a00000| PB 0x0000000085a00000| Untracked 
|  91|0x0000000085b00000, 0x0000000085c00000, 0x0000000085c00000|100%| O|  |TAMS 0x0000000085b00000| PB 0x0000000085b00000| Untracked 
|  92|0x0000000085c00000, 0x0000000085d00000, 0x0000000085d00000|100%| O|  |TAMS 0x0000000085c00000| PB 0x0000000085c00000| Untracked 
|  93|0x0000000085d00000, 0x0000000085e00000, 0x0000000085e00000|100%| O|  |TAMS 0x0000000085d00000| PB 0x0000000085d00000| Untracked 
|  94|0x0000000085e00000, 0x0000000085f00000, 0x0000000085f00000|100%| O|  |TAMS 0x0000000085e00000| PB 0x0000000085e00000| Untracked 
|  95|0x0000000085f00000, 0x0000000086000000, 0x0000000086000000|100%| O|  |TAMS 0x0000000085f00000| PB 0x0000000085f00000| Untracked 
|  96|0x0000000086000000, 0x0000000086100000, 0x0000000086100000|100%| O|  |TAMS 0x0000000086000000| PB 0x0000000086000000| Untracked 
|  97|0x0000000086100000, 0x0000000086200000, 0x0000000086200000|100%|HS|  |TAMS 0x0000000086100000| PB 0x0000000086100000| Complete 
|  98|0x0000000086200000, 0x0000000086300000, 0x0000000086300000|100%| O|  |TAMS 0x0000000086200000| PB 0x0000000086200000| Untracked 
|  99|0x0000000086300000, 0x0000000086400000, 0x0000000086400000|100%| O|  |TAMS 0x0000000086300000| PB 0x0000000086300000| Untracked 
| 100|0x0000000086400000, 0x0000000086500000, 0x0000000086500000|100%| O|  |TAMS 0x0000000086400000| PB 0x0000000086400000| Untracked 
| 101|0x0000000086500000, 0x0000000086600000, 0x0000000086600000|100%| O|  |TAMS 0x0000000086500000| PB 0x0000000086500000| Untracked 
| 102|0x0000000086600000, 0x0000000086700000, 0x0000000086700000|100%| O|  |TAMS 0x0000000086600000| PB 0x0000000086600000| Untracked 
| 103|0x0000000086700000, 0x0000000086800000, 0x0000000086800000|100%| O|  |TAMS 0x0000000086700000| PB 0x0000000086700000| Untracked 
| 104|0x0000000086800000, 0x0000000086900000, 0x0000000086900000|100%| O|  |TAMS 0x0000000086800000| PB 0x0000000086800000| Untracked 
| 105|0x0000000086900000, 0x0000000086a00000, 0x0000000086a00000|100%| O|  |TAMS 0x0000000086900000| PB 0x0000000086900000| Untracked 
| 106|0x0000000086a00000, 0x0000000086b00000, 0x0000000086b00000|100%| O|Cm|TAMS 0x0000000086a00000| PB 0x0000000086a00000| Complete 
| 107|0x0000000086b00000, 0x0000000086c00000, 0x0000000086c00000|100%| O|  |TAMS 0x0000000086b00000| PB 0x0000000086b00000| Untracked 
| 108|0x0000000086c00000, 0x0000000086d00000, 0x0000000086d00000|100%| O|Cm|TAMS 0x0000000086c00000| PB 0x0000000086c00000| Complete 
| 109|0x0000000086d00000, 0x0000000086e00000, 0x0000000086e00000|100%| O|Cm|TAMS 0x0000000086d00000| PB 0x0000000086d00000| Complete 
| 110|0x0000000086e00000, 0x0000000086f00000, 0x0000000086f00000|100%| O|Cm|TAMS 0x0000000086e00000| PB 0x0000000086e00000| Complete 
| 111|0x0000000086f00000, 0x0000000087000000, 0x0000000087000000|100%| O|  |TAMS 0x0000000086f00000| PB 0x0000000086f00000| Untracked 
| 112|0x0000000087000000, 0x0000000087100000, 0x0000000087100000|100%| O|  |TAMS 0x0000000087000000| PB 0x0000000087000000| Untracked 
| 113|0x0000000087100000, 0x0000000087200000, 0x0000000087200000|100%| O|  |TAMS 0x0000000087100000| PB 0x0000000087100000| Untracked 
| 114|0x0000000087200000, 0x0000000087300000, 0x0000000087300000|100%| O|  |TAMS 0x0000000087200000| PB 0x0000000087200000| Untracked 
| 115|0x0000000087300000, 0x0000000087400000, 0x0000000087400000|100%| O|  |TAMS 0x0000000087300000| PB 0x0000000087300000| Untracked 
| 116|0x0000000087400000, 0x0000000087500000, 0x0000000087500000|100%| O|  |TAMS 0x0000000087400000| PB 0x0000000087400000| Untracked 
| 117|0x0000000087500000, 0x0000000087600000, 0x0000000087600000|100%| O|  |TAMS 0x0000000087500000| PB 0x0000000087500000| Untracked 
| 118|0x0000000087600000, 0x0000000087700000, 0x0000000087700000|100%|HS|  |TAMS 0x0000000087600000| PB 0x0000000087600000| Complete 
| 119|0x0000000087700000, 0x0000000087800000, 0x0000000087800000|100%|HS|  |TAMS 0x0000000087700000| PB 0x0000000087700000| Complete 
| 120|0x0000000087800000, 0x0000000087900000, 0x0000000087900000|100%|HS|  |TAMS 0x0000000087800000| PB 0x0000000087800000| Complete 
| 121|0x0000000087900000, 0x0000000087a00000, 0x0000000087a00000|100%|HS|  |TAMS 0x0000000087900000| PB 0x0000000087900000| Complete 
| 122|0x0000000087a00000, 0x0000000087b00000, 0x0000000087b00000|100%|HS|  |TAMS 0x0000000087a00000| PB 0x0000000087a00000| Complete 
| 123|0x0000000087b00000, 0x0000000087b00000, 0x0000000087c00000|  0%| F|  |TAMS 0x0000000087b00000| PB 0x0000000087b00000| Untracked 
| 124|0x0000000087c00000, 0x0000000087c00000, 0x0000000087d00000|  0%| F|  |TAMS 0x0000000087c00000| PB 0x0000000087c00000| Untracked 
| 125|0x0000000087d00000, 0x0000000087d00000, 0x0000000087e00000|  0%| F|  |TAMS 0x0000000087d00000| PB 0x0000000087d00000| Untracked 
| 126|0x0000000087e00000, 0x0000000087e00000, 0x0000000087f00000|  0%| F|  |TAMS 0x0000000087e00000| PB 0x0000000087e00000| Untracked 
| 127|0x0000000087f00000, 0x0000000087f00000, 0x0000000088000000|  0%| F|  |TAMS 0x0000000087f00000| PB 0x0000000087f00000| Untracked 
| 128|0x0000000088000000, 0x0000000088000000, 0x0000000088100000|  0%| F|  |TAMS 0x0000000088000000| PB 0x0000000088000000| Untracked 
| 129|0x0000000088100000, 0x0000000088100000, 0x0000000088200000|  0%| F|  |TAMS 0x0000000088100000| PB 0x0000000088100000| Untracked 
| 130|0x0000000088200000, 0x0000000088300000, 0x0000000088300000|100%| O|  |TAMS 0x0000000088200000| PB 0x0000000088200000| Untracked 
| 131|0x0000000088300000, 0x0000000088400000, 0x0000000088400000|100%| O|  |TAMS 0x0000000088300000| PB 0x0000000088300000| Untracked 
| 132|0x0000000088400000, 0x00000000884ea280, 0x0000000088500000| 91%| O|  |TAMS 0x0000000088400000| PB 0x0000000088400000| Untracked 
| 133|0x0000000088500000, 0x0000000088500000, 0x0000000088600000|  0%| F|  |TAMS 0x0000000088500000| PB 0x0000000088500000| Untracked 
| 134|0x0000000088600000, 0x0000000088600000, 0x0000000088700000|  0%| F|  |TAMS 0x0000000088600000| PB 0x0000000088600000| Untracked 
| 135|0x0000000088700000, 0x0000000088700000, 0x0000000088800000|  0%| F|  |TAMS 0x0000000088700000| PB 0x0000000088700000| Untracked 
| 136|0x0000000088800000, 0x0000000088800000, 0x0000000088900000|  0%| F|  |TAMS 0x0000000088800000| PB 0x0000000088800000| Untracked 
| 137|0x0000000088900000, 0x0000000088900000, 0x0000000088a00000|  0%| F|  |TAMS 0x0000000088900000| PB 0x0000000088900000| Untracked 
| 138|0x0000000088a00000, 0x0000000088a00000, 0x0000000088b00000|  0%| F|  |TAMS 0x0000000088a00000| PB 0x0000000088a00000| Untracked 
| 139|0x0000000088b00000, 0x0000000088b00000, 0x0000000088c00000|  0%| F|  |TAMS 0x0000000088b00000| PB 0x0000000088b00000| Untracked 
| 140|0x0000000088c00000, 0x0000000088c00000, 0x0000000088d00000|  0%| F|  |TAMS 0x0000000088c00000| PB 0x0000000088c00000| Untracked 
| 141|0x0000000088d00000, 0x0000000088d00000, 0x0000000088e00000|  0%| F|  |TAMS 0x0000000088d00000| PB 0x0000000088d00000| Untracked 
| 142|0x0000000088e00000, 0x0000000088e00000, 0x0000000088f00000|  0%| F|  |TAMS 0x0000000088e00000| PB 0x0000000088e00000| Untracked 
| 143|0x0000000088f00000, 0x0000000088f00000, 0x0000000089000000|  0%| F|  |TAMS 0x0000000088f00000| PB 0x0000000088f00000| Untracked 
| 144|0x0000000089000000, 0x0000000089000000, 0x0000000089100000|  0%| F|  |TAMS 0x0000000089000000| PB 0x0000000089000000| Untracked 
| 145|0x0000000089100000, 0x0000000089100000, 0x0000000089200000|  0%| F|  |TAMS 0x0000000089100000| PB 0x0000000089100000| Untracked 
| 146|0x0000000089200000, 0x0000000089200000, 0x0000000089300000|  0%| F|  |TAMS 0x0000000089200000| PB 0x0000000089200000| Untracked 
| 147|0x0000000089300000, 0x0000000089300000, 0x0000000089400000|  0%| F|  |TAMS 0x0000000089300000| PB 0x0000000089300000| Untracked 
| 148|0x0000000089400000, 0x0000000089400000, 0x0000000089500000|  0%| F|  |TAMS 0x0000000089400000| PB 0x0000000089400000| Untracked 
| 149|0x0000000089500000, 0x0000000089500000, 0x0000000089600000|  0%| F|  |TAMS 0x0000000089500000| PB 0x0000000089500000| Untracked 
| 150|0x0000000089600000, 0x0000000089600000, 0x0000000089700000|  0%| F|  |TAMS 0x0000000089600000| PB 0x0000000089600000| Untracked 
| 151|0x0000000089700000, 0x0000000089700000, 0x0000000089800000|  0%| F|  |TAMS 0x0000000089700000| PB 0x0000000089700000| Untracked 
| 152|0x0000000089800000, 0x0000000089800000, 0x0000000089900000|  0%| F|  |TAMS 0x0000000089800000| PB 0x0000000089800000| Untracked 
| 153|0x0000000089900000, 0x0000000089900000, 0x0000000089a00000|  0%| F|  |TAMS 0x0000000089900000| PB 0x0000000089900000| Untracked 
| 154|0x0000000089a00000, 0x0000000089a00000, 0x0000000089b00000|  0%| F|  |TAMS 0x0000000089a00000| PB 0x0000000089a00000| Untracked 
| 155|0x0000000089b00000, 0x0000000089b00000, 0x0000000089c00000|  0%| F|  |TAMS 0x0000000089b00000| PB 0x0000000089b00000| Untracked 
| 156|0x0000000089c00000, 0x0000000089c00000, 0x0000000089d00000|  0%| F|  |TAMS 0x0000000089c00000| PB 0x0000000089c00000| Untracked 
| 157|0x0000000089d00000, 0x0000000089d00000, 0x0000000089e00000|  0%| F|  |TAMS 0x0000000089d00000| PB 0x0000000089d00000| Untracked 
| 158|0x0000000089e00000, 0x0000000089e00000, 0x0000000089f00000|  0%| F|  |TAMS 0x0000000089e00000| PB 0x0000000089e00000| Untracked 
| 159|0x0000000089f00000, 0x0000000089f00000, 0x000000008a000000|  0%| F|  |TAMS 0x0000000089f00000| PB 0x0000000089f00000| Untracked 
| 160|0x000000008a000000, 0x000000008a000000, 0x000000008a100000|  0%| F|  |TAMS 0x000000008a000000| PB 0x000000008a000000| Untracked 
| 161|0x000000008a100000, 0x000000008a100000, 0x000000008a200000|  0%| F|  |TAMS 0x000000008a100000| PB 0x000000008a100000| Untracked 
| 162|0x000000008a200000, 0x000000008a200000, 0x000000008a300000|  0%| F|  |TAMS 0x000000008a200000| PB 0x000000008a200000| Untracked 
| 163|0x000000008a300000, 0x000000008a300000, 0x000000008a400000|  0%| F|  |TAMS 0x000000008a300000| PB 0x000000008a300000| Untracked 
| 164|0x000000008a400000, 0x000000008a400000, 0x000000008a500000|  0%| F|  |TAMS 0x000000008a400000| PB 0x000000008a400000| Untracked 
| 165|0x000000008a500000, 0x000000008a500000, 0x000000008a600000|  0%| F|  |TAMS 0x000000008a500000| PB 0x000000008a500000| Untracked 
| 166|0x000000008a600000, 0x000000008a600000, 0x000000008a700000|  0%| F|  |TAMS 0x000000008a600000| PB 0x000000008a600000| Untracked 
| 167|0x000000008a700000, 0x000000008a700000, 0x000000008a800000|  0%| F|  |TAMS 0x000000008a700000| PB 0x000000008a700000| Untracked 
| 168|0x000000008a800000, 0x000000008a800000, 0x000000008a900000|  0%| F|  |TAMS 0x000000008a800000| PB 0x000000008a800000| Untracked 
| 169|0x000000008a900000, 0x000000008a900000, 0x000000008aa00000|  0%| F|  |TAMS 0x000000008a900000| PB 0x000000008a900000| Untracked 
| 170|0x000000008aa00000, 0x000000008aa00000, 0x000000008ab00000|  0%| F|  |TAMS 0x000000008aa00000| PB 0x000000008aa00000| Untracked 
| 171|0x000000008ab00000, 0x000000008ab00000, 0x000000008ac00000|  0%| F|  |TAMS 0x000000008ab00000| PB 0x000000008ab00000| Untracked 
| 172|0x000000008ac00000, 0x000000008ac00000, 0x000000008ad00000|  0%| F|  |TAMS 0x000000008ac00000| PB 0x000000008ac00000| Untracked 
| 173|0x000000008ad00000, 0x000000008ad00000, 0x000000008ae00000|  0%| F|  |TAMS 0x000000008ad00000| PB 0x000000008ad00000| Untracked 
| 174|0x000000008ae00000, 0x000000008ae00000, 0x000000008af00000|  0%| F|  |TAMS 0x000000008ae00000| PB 0x000000008ae00000| Untracked 
| 175|0x000000008af00000, 0x000000008af00000, 0x000000008b000000|  0%| F|  |TAMS 0x000000008af00000| PB 0x000000008af00000| Untracked 
| 176|0x000000008b000000, 0x000000008b000000, 0x000000008b100000|  0%| F|  |TAMS 0x000000008b000000| PB 0x000000008b000000| Untracked 
| 177|0x000000008b100000, 0x000000008b100000, 0x000000008b200000|  0%| F|  |TAMS 0x000000008b100000| PB 0x000000008b100000| Untracked 
| 178|0x000000008b200000, 0x000000008b200000, 0x000000008b300000|  0%| F|  |TAMS 0x000000008b200000| PB 0x000000008b200000| Untracked 
| 179|0x000000008b300000, 0x000000008b300000, 0x000000008b400000|  0%| F|  |TAMS 0x000000008b300000| PB 0x000000008b300000| Untracked 
| 180|0x000000008b400000, 0x000000008b400000, 0x000000008b500000|  0%| F|  |TAMS 0x000000008b400000| PB 0x000000008b400000| Untracked 
| 181|0x000000008b500000, 0x000000008b500000, 0x000000008b600000|  0%| F|  |TAMS 0x000000008b500000| PB 0x000000008b500000| Untracked 
| 182|0x000000008b600000, 0x000000008b600000, 0x000000008b700000|  0%| F|  |TAMS 0x000000008b600000| PB 0x000000008b600000| Untracked 
| 183|0x000000008b700000, 0x000000008b700000, 0x000000008b800000|  0%| F|  |TAMS 0x000000008b700000| PB 0x000000008b700000| Untracked 
| 184|0x000000008b800000, 0x000000008b800000, 0x000000008b900000|  0%| F|  |TAMS 0x000000008b800000| PB 0x000000008b800000| Untracked 
| 185|0x000000008b900000, 0x000000008b900000, 0x000000008ba00000|  0%| F|  |TAMS 0x000000008b900000| PB 0x000000008b900000| Untracked 
| 186|0x000000008ba00000, 0x000000008ba00000, 0x000000008bb00000|  0%| F|  |TAMS 0x000000008ba00000| PB 0x000000008ba00000| Untracked 
| 187|0x000000008bb00000, 0x000000008bb00000, 0x000000008bc00000|  0%| F|  |TAMS 0x000000008bb00000| PB 0x000000008bb00000| Untracked 
| 188|0x000000008bc00000, 0x000000008bc00000, 0x000000008bd00000|  0%| F|  |TAMS 0x000000008bc00000| PB 0x000000008bc00000| Untracked 
| 189|0x000000008bd00000, 0x000000008bd00000, 0x000000008be00000|  0%| F|  |TAMS 0x000000008bd00000| PB 0x000000008bd00000| Untracked 
| 190|0x000000008be00000, 0x000000008be00000, 0x000000008bf00000|  0%| F|  |TAMS 0x000000008be00000| PB 0x000000008be00000| Untracked 
| 191|0x000000008bf00000, 0x000000008bf00000, 0x000000008c000000|  0%| F|  |TAMS 0x000000008bf00000| PB 0x000000008bf00000| Untracked 
| 192|0x000000008c000000, 0x000000008c000000, 0x000000008c100000|  0%| F|  |TAMS 0x000000008c000000| PB 0x000000008c000000| Untracked 
| 193|0x000000008c100000, 0x000000008c100000, 0x000000008c200000|  0%| F|  |TAMS 0x000000008c100000| PB 0x000000008c100000| Untracked 
| 194|0x000000008c200000, 0x000000008c203ce8, 0x000000008c300000|  1%| E|  |TAMS 0x000000008c200000| PB 0x000000008c200000| Complete 
| 195|0x000000008c300000, 0x000000008c400000, 0x000000008c400000|100%| E|CS|TAMS 0x000000008c300000| PB 0x000000008c300000| Complete 
| 196|0x000000008c400000, 0x000000008c500000, 0x000000008c500000|100%| E|CS|TAMS 0x000000008c400000| PB 0x000000008c400000| Complete 
| 197|0x000000008c500000, 0x000000008c600000, 0x000000008c600000|100%| E|CS|TAMS 0x000000008c500000| PB 0x000000008c500000| Complete 
| 198|0x000000008c600000, 0x000000008c700000, 0x000000008c700000|100%| E|CS|TAMS 0x000000008c600000| PB 0x000000008c600000| Complete 
| 199|0x000000008c700000, 0x000000008c800000, 0x000000008c800000|100%| E|CS|TAMS 0x000000008c700000| PB 0x000000008c700000| Complete 
| 200|0x000000008c800000, 0x000000008c900000, 0x000000008c900000|100%| E|CS|TAMS 0x000000008c800000| PB 0x000000008c800000| Complete 
| 201|0x000000008c900000, 0x000000008ca00000, 0x000000008ca00000|100%| E|CS|TAMS 0x000000008c900000| PB 0x000000008c900000| Complete 
| 202|0x000000008ca00000, 0x000000008cb00000, 0x000000008cb00000|100%| E|CS|TAMS 0x000000008ca00000| PB 0x000000008ca00000| Complete 
| 203|0x000000008cb00000, 0x000000008cc00000, 0x000000008cc00000|100%| E|CS|TAMS 0x000000008cb00000| PB 0x000000008cb00000| Complete 
| 204|0x000000008cc00000, 0x000000008cd00000, 0x000000008cd00000|100%| E|CS|TAMS 0x000000008cc00000| PB 0x000000008cc00000| Complete 
| 205|0x000000008cd00000, 0x000000008ce00000, 0x000000008ce00000|100%| E|CS|TAMS 0x000000008cd00000| PB 0x000000008cd00000| Complete 
| 206|0x000000008ce00000, 0x000000008cf00000, 0x000000008cf00000|100%| E|CS|TAMS 0x000000008ce00000| PB 0x000000008ce00000| Complete 
| 207|0x000000008cf00000, 0x000000008d000000, 0x000000008d000000|100%| E|CS|TAMS 0x000000008cf00000| PB 0x000000008cf00000| Complete 
| 208|0x000000008d000000, 0x000000008d100000, 0x000000008d100000|100%| E|CS|TAMS 0x000000008d000000| PB 0x000000008d000000| Complete 
| 209|0x000000008d100000, 0x000000008d200000, 0x000000008d200000|100%| E|CS|TAMS 0x000000008d100000| PB 0x000000008d100000| Complete 
| 210|0x000000008d200000, 0x000000008d300000, 0x000000008d300000|100%| E|CS|TAMS 0x000000008d200000| PB 0x000000008d200000| Complete 
| 211|0x000000008d300000, 0x000000008d400000, 0x000000008d400000|100%| E|CS|TAMS 0x000000008d300000| PB 0x000000008d300000| Complete 
| 212|0x000000008d400000, 0x000000008d447248, 0x000000008d500000| 27%| S|CS|TAMS 0x000000008d400000| PB 0x000000008d400000| Complete 
| 213|0x000000008d500000, 0x000000008d600000, 0x000000008d600000|100%| S|CS|TAMS 0x000000008d500000| PB 0x000000008d500000| Complete 
| 214|0x000000008d600000, 0x000000008d700000, 0x000000008d700000|100%| S|CS|TAMS 0x000000008d600000| PB 0x000000008d600000| Complete 
| 215|0x000000008d700000, 0x000000008d800000, 0x000000008d800000|100%| S|CS|TAMS 0x000000008d700000| PB 0x000000008d700000| Complete 
| 216|0x000000008d800000, 0x000000008d900000, 0x000000008d900000|100%| S|CS|TAMS 0x000000008d800000| PB 0x000000008d800000| Complete 
| 217|0x000000008d900000, 0x000000008da00000, 0x000000008da00000|100%| S|CS|TAMS 0x000000008d900000| PB 0x000000008d900000| Complete 
| 218|0x000000008da00000, 0x000000008db00000, 0x000000008db00000|100%| E|CS|TAMS 0x000000008da00000| PB 0x000000008da00000| Complete 
| 219|0x000000008db00000, 0x000000008dc00000, 0x000000008dc00000|100%| E|CS|TAMS 0x000000008db00000| PB 0x000000008db00000| Complete 
| 220|0x000000008dc00000, 0x000000008dd00000, 0x000000008dd00000|100%| E|  |TAMS 0x000000008dc00000| PB 0x000000008dc00000| Complete 
|2044|0x00000000ffc00000, 0x00000000ffd00000, 0x00000000ffd00000|100%| O|  |TAMS 0x00000000ffc00000| PB 0x00000000ffc00000| Untracked 
|2045|0x00000000ffd00000, 0x00000000ffe00000, 0x00000000ffe00000|100%| E|CS|TAMS 0x00000000ffd00000| PB 0x00000000ffd00000| Complete 
|2046|0x00000000ffe00000, 0x00000000fff00000, 0x00000000fff00000|100%| E|CS|TAMS 0x00000000ffe00000| PB 0x00000000ffe00000| Complete 
|2047|0x00000000fff00000, 0x0000000100000000, 0x0000000100000000|100%| E|CS|TAMS 0x00000000fff00000| PB 0x00000000fff00000| Complete 

Card table byte_map: [0x000001ed643d0000,0x000001ed647d0000] _byte_map_base: 0x000001ed63fd0000

Marking Bits: (CMBitMap*) 0x000001ed60d163e0
 Bits: [0x000001ed647d0000, 0x000001ed667d0000)

Polling page: 0x000001ed5ec50000

Metaspace:

Usage:
  Non-class:     88.25 MB used.
      Class:     14.62 MB used.
       Both:    102.87 MB used.

Virtual space:
  Non-class space:      128.00 MB reserved,      89.44 MB ( 70%) committed,  2 nodes.
      Class space:      832.00 MB reserved,      15.75 MB (  2%) committed,  1 nodes.
             Both:      960.00 MB reserved,     105.19 MB ( 11%) committed. 

Chunk freelists:
   Non-Class:  6.03 MB
       Class:  207.00 KB
        Both:  6.23 MB

MaxMetaspaceSize: 1.00 GB
CompressedClassSpaceSize: 832.00 MB
Initial GC threshold: 21.00 MB
Current GC threshold: 174.31 MB
CDS: on
 - commit_granule_bytes: 65536.
 - commit_granule_words: 8192.
 - virtual_space_node_default_size: 8388608.
 - enlarge_chunks_in_place: 1.
 - use_allocation_guard: 0.


Internal statistics:

num_allocs_failed_limit: 3.
num_arena_births: 4346.
num_arena_deaths: 0.
num_vsnodes_births: 3.
num_vsnodes_deaths: 0.
num_space_committed: 1683.
num_space_uncommitted: 0.
num_chunks_returned_to_freelist: 3.
num_chunks_taken_from_freelist: 9391.
num_chunk_merges: 3.
num_chunk_splits: 6093.
num_chunks_enlarged: 3798.
num_inconsistent_stats: 0.

CodeHeap 'non-profiled nmethods': size=259264Kb used=7329Kb max_used=7460Kb free=251934Kb
 bounds [0x000001ed102d0000, 0x000001ed10a20000, 0x000001ed20000000]
CodeHeap 'profiled nmethods': size=259264Kb used=22277Kb max_used=22616Kb free=236986Kb
 bounds [0x000001ed00000000, 0x000001ed01630000, 0x000001ed0fd30000]
CodeHeap 'non-nmethods': size=5760Kb used=3020Kb max_used=3062Kb free=2739Kb
 bounds [0x000001ed0fd30000, 0x000001ed10040000, 0x000001ed102d0000]
CodeCache: size=524288Kb, used=32626Kb, max_used=33138Kb, free=491659Kb
 total_blobs=12613, nmethods=11588, adapters=929, full_count=0
Compilation: enabled, stopped_count=0, restarted_count=0

Compilation events (20 events):
Event: 397.562 Thread 0x000001ed68d8afd0 13738       1       com.google.common.cache.LocalCache$StrongEntry::getNext (5 bytes)
Event: 397.562 Thread 0x000001ed68d8afd0 nmethod 13738 0x000001ed10884690 code [0x000001ed10884820, 0x000001ed108848e8]
Event: 397.589 Thread 0x000001ed68d8afd0 13739       3       org.gradle.api.internal.artifacts.configurations.DefaultLegacyConfiguration_Decorated::setDescription (12 bytes)
Event: 397.590 Thread 0x000001ed68d8afd0 nmethod 13739 0x000001ed00600910 code [0x000001ed00600ac0, 0x000001ed00600c98]
Event: 397.591 Thread 0x000001ed68d8afd0 13740       3       com.google.common.base.Ascii::isUpperCase (18 bytes)
Event: 397.591 Thread 0x000001ed68d8afd0 nmethod 13740 0x000001ed004fd990 code [0x000001ed004fdb20, 0x000001ed004fdc90]
Event: 397.591 Thread 0x000001ed68d8afd0 13741       3       com.android.build.gradle.internal.api.DefaultAndroidSourceDirectorySet::<init> (98 bytes)
Event: 397.597 Thread 0x000001ed68d8afd0 nmethod 13741 0x000001ed00a25710 code [0x000001ed00a25b60, 0x000001ed00a27b08]
Event: 397.597 Thread 0x000001ed68d8afd0 13742       3       com.android.build.gradle.internal.api.DefaultAndroidSourceDirectorySet$directories$1::<init> (10 bytes)
Event: 397.597 Thread 0x000001ed68d8afd0 nmethod 13742 0x000001ed009e4b10 code [0x000001ed009e4cc0, 0x000001ed009e4fa0]
Event: 397.597 Thread 0x000001ed68d8afd0 13743       3       org.gradle.api.internal.AbstractNamedDomainObjectContainer::create (34 bytes)
Event: 397.601 Thread 0x000001ed68d8afd0 nmethod 13743 0x000001ed001a7f90 code [0x000001ed001a81e0, 0x000001ed001a8a18]
Event: 397.601 Thread 0x000001ed68d8afd0 13744       3       org.gradle.api.internal.AbstractNamedDomainObjectContainer::maybeCreate (18 bytes)
Event: 397.601 Thread 0x000001ed68d8afd0 nmethod 13744 0x000001ed010fa110 code [0x000001ed010fa2e0, 0x000001ed010fa5e0]
Event: 397.601 Thread 0x000001ed68d8afd0 13745       3       com.android.build.gradle.internal.services.BaseServicesImpl::getProjectOptions (8 bytes)
Event: 397.601 Thread 0x000001ed68d8afd0 nmethod 13745 0x000001ed0050ab10 code [0x000001ed0050aca0, 0x000001ed0050add0]
Event: 397.606 Thread 0x000001ed68d8afd0 13746       3       java.util.TreeSet::<init> (13 bytes)
Event: 397.607 Thread 0x000001ed68d8afd0 nmethod 13746 0x000001ed00026e10 code [0x000001ed00026fe0, 0x000001ed00027498]
Event: 397.957 Thread 0x000001ed68d8afd0 13747       3       java.util.concurrent.LinkedBlockingDeque::unlinkFirst (74 bytes)
Event: 397.962 Thread 0x000001ed68d8afd0 nmethod 13747 0x000001ed00a24c10 code [0x000001ed00a24e20, 0x000001ed00a25428]

GC Heap History (20 events):
Event: 221.826 GC heap before
{Heap before GC invocations=56 (full 0):
 garbage-first heap   total 174080K, used 126623K [0x0000000080000000, 0x0000000100000000)
  region size 1024K, 27 young (27648K), 3 survivors (3072K)
 Metaspace       used 81047K, committed 83200K, reserved 983040K
  class space    used 11659K, committed 12736K, reserved 851968K
}
Event: 221.837 GC heap after
{Heap after GC invocations=57 (full 0):
 garbage-first heap   total 174080K, used 101558K [0x0000000080000000, 0x0000000100000000)
  region size 1024K, 4 young (4096K), 4 survivors (4096K)
 Metaspace       used 81047K, committed 83200K, reserved 983040K
  class space    used 11659K, committed 12736K, reserved 851968K
}
Event: 227.239 GC heap before
{Heap before GC invocations=57 (full 0):
 garbage-first heap   total 174080K, used 146614K [0x0000000080000000, 0x0000000100000000)
  region size 1024K, 48 young (49152K), 4 survivors (4096K)
 Metaspace       used 84339K, committed 86528K, reserved 983040K
  class space    used 12081K, committed 13184K, reserved 851968K
}
Event: 227.248 GC heap after
{Heap after GC invocations=58 (full 0):
 garbage-first heap   total 174080K, used 103118K [0x0000000080000000, 0x0000000100000000)
  region size 1024K, 3 young (3072K), 3 survivors (3072K)
 Metaspace       used 84339K, committed 86528K, reserved 983040K
  class space    used 12081K, committed 13184K, reserved 851968K
}
Event: 229.636 GC heap before
{Heap before GC invocations=58 (full 0):
 garbage-first heap   total 174080K, used 151246K [0x0000000080000000, 0x0000000100000000)
  region size 1024K, 50 young (51200K), 3 survivors (3072K)
 Metaspace       used 88194K, committed 90432K, reserved 983040K
  class space    used 12594K, committed 13696K, reserved 851968K
}
Event: 229.643 GC heap after
{Heap after GC invocations=59 (full 0):
 garbage-first heap   total 174080K, used 104533K [0x0000000080000000, 0x0000000100000000)
  region size 1024K, 4 young (4096K), 4 survivors (4096K)
 Metaspace       used 88194K, committed 90432K, reserved 983040K
  class space    used 12594K, committed 13696K, reserved 851968K
}
Event: 232.391 GC heap before
{Heap before GC invocations=59 (full 0):
 garbage-first heap   total 174080K, used 155733K [0x0000000080000000, 0x0000000100000000)
  region size 1024K, 54 young (55296K), 4 survivors (4096K)
 Metaspace       used 89826K, committed 92096K, reserved 983040K
  class space    used 12833K, committed 13952K, reserved 851968K
}
Event: 232.411 GC heap after
{Heap after GC invocations=60 (full 0):
 garbage-first heap   total 174080K, used 111071K [0x0000000080000000, 0x0000000100000000)
  region size 1024K, 7 young (7168K), 7 survivors (7168K)
 Metaspace       used 89826K, committed 92096K, reserved 983040K
  class space    used 12833K, committed 13952K, reserved 851968K
}
Event: 237.411 GC heap before
{Heap before GC invocations=60 (full 0):
 garbage-first heap   total 174080K, used 156127K [0x0000000080000000, 0x0000000100000000)
  region size 1024K, 51 young (52224K), 7 survivors (7168K)
 Metaspace       used 92073K, committed 94336K, reserved 983040K
  class space    used 13151K, committed 14272K, reserved 851968K
}
Event: 237.431 GC heap after
{Heap after GC invocations=61 (full 0):
 garbage-first heap   total 174080K, used 113459K [0x0000000080000000, 0x0000000100000000)
  region size 1024K, 5 young (5120K), 5 survivors (5120K)
 Metaspace       used 92073K, committed 94336K, reserved 983040K
  class space    used 13151K, committed 14272K, reserved 851968K
}
Event: 242.009 GC heap before
{Heap before GC invocations=62 (full 0):
 garbage-first heap   total 191488K, used 157491K [0x0000000080000000, 0x0000000100000000)
  region size 1024K, 47 young (48128K), 5 survivors (5120K)
 Metaspace       used 95256K, committed 97472K, reserved 983040K
  class space    used 13678K, committed 14784K, reserved 851968K
}
Event: 242.019 GC heap after
{Heap after GC invocations=63 (full 0):
 garbage-first heap   total 230400K, used 115145K [0x0000000080000000, 0x0000000100000000)
  region size 1024K, 2 young (2048K), 2 survivors (2048K)
 Metaspace       used 95256K, committed 97472K, reserved 983040K
  class space    used 13678K, committed 14784K, reserved 851968K
}
Event: 251.751 GC heap before
{Heap before GC invocations=63 (full 0):
 garbage-first heap   total 230400K, used 204233K [0x0000000080000000, 0x0000000100000000)
  region size 1024K, 89 young (91136K), 2 survivors (2048K)
 Metaspace       used 101265K, committed 103552K, reserved 983040K
  class space    used 14548K, committed 15680K, reserved 851968K
}
Event: 251.787 GC heap after
{Heap after GC invocations=64 (full 0):
 garbage-first heap   total 230400K, used 118166K [0x0000000080000000, 0x0000000100000000)
  region size 1024K, 5 young (5120K), 5 survivors (5120K)
 Metaspace       used 101265K, committed 103552K, reserved 983040K
  class space    used 14548K, committed 15680K, reserved 851968K
}
Event: 313.939 GC heap before
{Heap before GC invocations=64 (full 0):
 garbage-first heap   total 230400K, used 213398K [0x0000000080000000, 0x0000000100000000)
  region size 1024K, 94 young (96256K), 5 survivors (5120K)
 Metaspace       used 103688K, committed 106048K, reserved 983040K
  class space    used 14748K, committed 15936K, reserved 851968K
}
Event: 314.318 GC heap after
{Heap after GC invocations=65 (full 0):
 garbage-first heap   total 230400K, used 126610K [0x0000000080000000, 0x0000000100000000)
  region size 1024K, 12 young (12288K), 12 survivors (12288K)
 Metaspace       used 103688K, committed 106048K, reserved 983040K
  class space    used 14748K, committed 15936K, reserved 851968K
}
Event: 338.167 GC heap before
{Heap before GC invocations=65 (full 0):
 garbage-first heap   total 230400K, used 206482K [0x0000000080000000, 0x0000000100000000)
  region size 1024K, 91 young (93184K), 12 survivors (12288K)
 Metaspace       used 103799K, committed 106176K, reserved 983040K
  class space    used 14763K, committed 15936K, reserved 851968K
}
Event: 338.361 GC heap after
{Heap after GC invocations=66 (full 0):
 garbage-first heap   total 230400K, used 129956K [0x0000000080000000, 0x0000000100000000)
  region size 1024K, 5 young (5120K), 5 survivors (5120K)
 Metaspace       used 103799K, committed 106176K, reserved 983040K
  class space    used 14763K, committed 15936K, reserved 851968K
}
Event: 346.037 GC heap before
{Heap before GC invocations=66 (full 0):
 garbage-first heap   total 230400K, used 135076K [0x0000000080000000, 0x0000000100000000)
  region size 1024K, 11 young (11264K), 5 survivors (5120K)
 Metaspace       used 104733K, committed 107072K, reserved 983040K
  class space    used 14861K, committed 16000K, reserved 851968K
}
Event: 346.102 GC heap after
{Heap after GC invocations=67 (full 0):
 garbage-first heap   total 230400K, used 130245K [0x0000000080000000, 0x0000000100000000)
  region size 1024K, 6 young (6144K), 6 survivors (6144K)
 Metaspace       used 104733K, committed 107072K, reserved 983040K
  class space    used 14861K, committed 16000K, reserved 851968K
}

Dll operation events (14 events):
Event: 0.101 Loaded shared library C:\Users\USER\.antigravity\extensions\redhat.java-1.53.0-win32-x64\jre\21.0.10-win32-x86_64\bin\java.dll
Event: 0.971 Loaded shared library C:\Users\USER\.antigravity\extensions\redhat.java-1.53.0-win32-x64\jre\21.0.10-win32-x86_64\bin\zip.dll
Event: 1.102 Loaded shared library C:\Users\USER\.antigravity\extensions\redhat.java-1.53.0-win32-x64\jre\21.0.10-win32-x86_64\bin\instrument.dll
Event: 1.182 Loaded shared library C:\Users\USER\.antigravity\extensions\redhat.java-1.53.0-win32-x64\jre\21.0.10-win32-x86_64\bin\net.dll
Event: 1.229 Loaded shared library C:\Users\USER\.antigravity\extensions\redhat.java-1.53.0-win32-x64\jre\21.0.10-win32-x86_64\bin\nio.dll
Event: 1.234 Loaded shared library C:\Users\USER\.antigravity\extensions\redhat.java-1.53.0-win32-x64\jre\21.0.10-win32-x86_64\bin\zip.dll
Event: 5.648 Loaded shared library C:\Users\USER\.antigravity\extensions\redhat.java-1.53.0-win32-x64\jre\21.0.10-win32-x86_64\bin\jimage.dll
Event: 7.905 Loaded shared library C:\Users\USER\.antigravity\extensions\redhat.java-1.53.0-win32-x64\jre\21.0.10-win32-x86_64\bin\verify.dll
Event: 8.637 Loaded shared library C:\Users\USER\.gradle\native\1def1411415f61bf3af743bc5b6707747c0891f09f0c88961ee8f79bc544acac\windows-amd64\native-platform.dll
Event: 9.895 Loaded shared library C:\Users\USER\.gradle\native\0.2.7\x86_64-windows-gnu\gradle-fileevents.dll
Event: 14.830 Loaded shared library C:\Users\USER\.antigravity\extensions\redhat.java-1.53.0-win32-x64\jre\21.0.10-win32-x86_64\bin\management.dll
Event: 14.848 Loaded shared library C:\Users\USER\.antigravity\extensions\redhat.java-1.53.0-win32-x64\jre\21.0.10-win32-x86_64\bin\management_ext.dll
Event: 15.488 Loaded shared library C:\Users\USER\.antigravity\extensions\redhat.java-1.53.0-win32-x64\jre\21.0.10-win32-x86_64\bin\extnet.dll
Event: 16.731 Loaded shared library C:\Users\USER\.antigravity\extensions\redhat.java-1.53.0-win32-x64\jre\21.0.10-win32-x86_64\bin\sunmscapi.dll

Deoptimization events (20 events):
Event: 339.729 Thread 0x000001ed6e707aa0 Uncommon trap: trap_request=0xffffff45 fr.pc=0x000001ed1036b85c relative=0x000000000000067c
Event: 339.729 Thread 0x000001ed6e707aa0 Uncommon trap: reason=unstable_if action=reinterpret pc=0x000001ed1036b85c method=java.lang.String.substring(II)Ljava/lang/String; @ 31 c2
Event: 339.730 Thread 0x000001ed6e707aa0 DEOPT PACKING pc=0x000001ed1036b85c sp=0x000000a3621f86a0
Event: 339.731 Thread 0x000001ed6e707aa0 DEOPT UNPACKING pc=0x000001ed0fd87ba2 sp=0x000000a3621f8670 mode 2
Event: 339.919 Thread 0x000001ed6e707aa0 Uncommon trap: trap_request=0xffffff45 fr.pc=0x000001ed103597ac relative=0x00000000000004ec
Event: 339.919 Thread 0x000001ed6e707aa0 Uncommon trap: reason=unstable_if action=reinterpret pc=0x000001ed103597ac method=java.lang.String.substring(II)Ljava/lang/String; @ 31 c2
Event: 339.919 Thread 0x000001ed6e707aa0 DEOPT PACKING pc=0x000001ed103597ac sp=0x000000a3621f86b0
Event: 339.919 Thread 0x000001ed6e707aa0 DEOPT UNPACKING pc=0x000001ed0fd87ba2 sp=0x000000a3621f8610 mode 2
Event: 340.440 Thread 0x000001ed6e707aa0 Uncommon trap: trap_request=0xffffff45 fr.pc=0x000001ed10a169b8 relative=0x0000000000000218
Event: 340.440 Thread 0x000001ed6e707aa0 Uncommon trap: reason=unstable_if action=reinterpret pc=0x000001ed10a169b8 method=java.lang.StringUTF16.compress([BI[BII)I @ 29 c2
Event: 340.440 Thread 0x000001ed6e707aa0 DEOPT PACKING pc=0x000001ed10a169b8 sp=0x000000a3621f84a0
Event: 340.441 Thread 0x000001ed6e707aa0 DEOPT UNPACKING pc=0x000001ed0fd87ba2 sp=0x000000a3621f8468 mode 2
Event: 391.440 Thread 0x000001ed6e707aa0 Uncommon trap: trap_request=0xffffffde fr.pc=0x000001ed107922ec relative=0x0000000000000fcc
Event: 391.441 Thread 0x000001ed6e707aa0 Uncommon trap: reason=class_check action=maybe_recompile pc=0x000001ed107922ec method=java.util.concurrent.ConcurrentHashMap.putVal(Ljava/lang/Object;Ljava/lang/Object;Z)Ljava/lang/Object; @ 159 c2
Event: 391.441 Thread 0x000001ed6e707aa0 DEOPT PACKING pc=0x000001ed107922ec sp=0x000000a3621f7de0
Event: 391.442 Thread 0x000001ed6e707aa0 DEOPT UNPACKING pc=0x000001ed0fd87ba2 sp=0x000000a3621f7d90 mode 2
Event: 391.537 Thread 0x000001ed6e707aa0 DEOPT PACKING pc=0x000001ed0078c2e1 sp=0x000000a3621f80f0
Event: 391.537 Thread 0x000001ed6e707aa0 DEOPT UNPACKING pc=0x000001ed0fd886e2 sp=0x000000a3621f75e0 mode 0
Event: 396.416 Thread 0x000001ed6e707aa0 DEOPT PACKING pc=0x000001ed011c9556 sp=0x000000a3621f6860
Event: 396.417 Thread 0x000001ed6e707aa0 DEOPT UNPACKING pc=0x000001ed0fd886e2 sp=0x000000a3621f5e20 mode 0

Classes loaded (20 events):
Event: 247.546 Loading class java/net/Proxy$Type
Event: 247.549 Loading class java/net/Proxy$Type done
Event: 247.939 Loading class java/io/FileReader
Event: 247.941 Loading class java/io/FileReader done
Event: 293.620 Loading class sun/reflect/MagicAccessorImpl
Event: 293.626 Loading class sun/reflect/MagicAccessorImpl done
Event: 297.965 Loading class java/util/AbstractCollectionBeanInfo
Event: 297.966 Loading class java/util/AbstractCollectionBeanInfo done
Event: 297.968 Loading class java/util/AbstractCollectionBeanInfo
Event: 297.968 Loading class java/util/AbstractCollectionBeanInfo done
Event: 297.971 Loading class java/util/AbstractCollectionCustomizer
Event: 297.971 Loading class java/util/AbstractCollectionCustomizer done
Event: 297.972 Loading class java/util/AbstractCollectionCustomizer
Event: 297.972 Loading class java/util/AbstractCollectionCustomizer done
Event: 297.986 Loading class sun/reflect/generics/reflectiveObjects/GenericArrayTypeImpl
Event: 297.998 Loading class sun/reflect/generics/reflectiveObjects/GenericArrayTypeImpl done
Event: 333.560 Loading class java/lang/StackTraceElement$HashedModules
Event: 333.696 Loading class java/lang/StackTraceElement$HashedModules done
Event: 341.460 Loading class java/io/CharArrayReader
Event: 341.466 Loading class java/io/CharArrayReader done

Classes unloaded (0 events):
No events

Classes redefined (0 events):
No events

Internal exceptions (20 events):
Event: 299.350 Thread 0x000001ed6e707aa0 Exception <a 'java/lang/ClassNotFoundException'{0x000000008bf829e0}: groovy/lang/GStringCustomizer> (0x000000008bf829e0) 
thrown [s\src\hotspot\share\classfile\systemDictionary.cpp, line 312]
Event: 299.365 Thread 0x000001ed6e707aa0 Exception <a 'java/lang/ClassNotFoundException'{0x000000008bfa18f0}: groovy/lang/GString$1Customizer> (0x000000008bfa18f0) 
thrown [s\src\hotspot\share\classfile\systemDictionary.cpp, line 312]
Event: 299.442 Thread 0x000001ed6e707aa0 Exception <a 'java/lang/ClassNotFoundException'{0x000000008be02ed8}: org/gradle/api/internal/artifacts/dsl/dependencies/DefaultDependencyHandler_DecoratedBeanInfo> (0x000000008be02ed8) 
thrown [s\src\hotspot\share\classfile\systemDictionary.cpp, line 312]
Event: 299.454 Thread 0x000001ed6e707aa0 Exception <a 'java/lang/ClassNotFoundException'{0x000000008be1a1a8}: org/gradle/api/internal/artifacts/dsl/dependencies/DefaultDependencyHandlerBeanInfo> (0x000000008be1a1a8) 
thrown [s\src\hotspot\share\classfile\systemDictionary.cpp, line 312]
Event: 299.459 Thread 0x000001ed6e707aa0 Exception <a 'java/lang/ClassNotFoundException'{0x000000008be30ed8}: org/gradle/api/internal/artifacts/dsl/dependencies/DefaultDependencyHandlerCustomizer> (0x000000008be30ed8) 
thrown [s\src\hotspot\share\classfile\systemDictionary.cpp, line 312]
Event: 299.482 Thread 0x000001ed6e707aa0 Exception <a 'java/lang/ClassNotFoundException'{0x000000008be8a5f8}: org/gradle/api/internal/artifacts/dsl/dependencies/DefaultDependencyHandler_DecoratedCustomizer> (0x000000008be8a5f8) 
thrown [s\src\hotspot\share\classfile\systemDictionary.cpp, line 312]
Event: 299.536 Thread 0x000001ed6e707aa0 Exception <a 'java/lang/ClassNotFoundException'{0x000000008bdb4b38}: org/codehaus/groovy/runtime/GStringImplBeanInfo> (0x000000008bdb4b38) 
thrown [s\src\hotspot\share\classfile\systemDictionary.cpp, line 312]
Event: 299.540 Thread 0x000001ed6e707aa0 Exception <a 'java/lang/ClassNotFoundException'{0x000000008bdc7df8}: org/codehaus/groovy/runtime/GStringImplCustomizer> (0x000000008bdc7df8) 
thrown [s\src\hotspot\share\classfile\systemDictionary.cpp, line 312]
Event: 329.532 Thread 0x000001ed6e707aa0 Exception <a 'java/lang/ClassNotFoundException'{0x0000000089108da8}: build_athw6p5qist26qaed02lfqk6uBeanInfo> (0x0000000089108da8) 
thrown [s\src\hotspot\share\classfile\systemDictionary.cpp, line 312]
Event: 329.546 Thread 0x000001ed6e707aa0 Exception <a 'java/lang/ClassNotFoundException'{0x000000008910fb18}: build_athw6p5qist26qaed02lfqk6uCustomizer> (0x000000008910fb18) 
thrown [s\src\hotspot\share\classfile\systemDictionary.cpp, line 312]
Event: 365.996 Thread 0x000001ed6e707aa0 Exception <a 'java/lang/ClassNotFoundException'{0x000000008d32e8a8}: groovy/lang/ReferenceBeanInfo> (0x000000008d32e8a8) 
thrown [s\src\hotspot\share\classfile\systemDictionary.cpp, line 312]
Event: 366.780 Thread 0x000001ed6e707aa0 Exception <a 'java/lang/ClassNotFoundException'{0x000000008d340d98}: groovy/lang/ReferenceCustomizer> (0x000000008d340d98) 
thrown [s\src\hotspot\share\classfile\systemDictionary.cpp, line 312]
Event: 386.213 Thread 0x000001ed6e707aa0 Exception <a 'java/lang/ClassNotFoundException'{0x000000008ce52a78}: org/gradle/api/internal/tasks/DefaultTaskContainer_DecoratedBeanInfo> (0x000000008ce52a78) 
thrown [s\src\hotspot\share\classfile\systemDictionary.cpp, line 312]
Event: 386.377 Thread 0x000001ed6e707aa0 Exception <a 'java/lang/ClassNotFoundException'{0x000000008ce65a70}: org/gradle/api/internal/tasks/DefaultTaskContainerBeanInfo> (0x000000008ce65a70) 
thrown [s\src\hotspot\share\classfile\systemDictionary.cpp, line 312]
Event: 386.510 Thread 0x000001ed6e707aa0 Exception <a 'java/lang/ClassNotFoundException'{0x000000008ce78a98}: org/gradle/api/internal/tasks/DefaultTaskCollectionBeanInfo> (0x000000008ce78a98) 
thrown [s\src\hotspot\share\classfile\systemDictionary.cpp, line 312]
Event: 386.611 Thread 0x000001ed6e707aa0 Exception <a 'java/lang/ClassNotFoundException'{0x000000008ceac380}: org/gradle/api/internal/DefaultNamedDomainObjectSetBeanInfo> (0x000000008ceac380) 
thrown [s\src\hotspot\share\classfile\systemDictionary.cpp, line 312]
Event: 386.701 Thread 0x000001ed6e707aa0 Exception <a 'java/lang/ClassNotFoundException'{0x000000008cebf360}: org/gradle/api/internal/DefaultNamedDomainObjectSetCustomizer> (0x000000008cebf360) 
thrown [s\src\hotspot\share\classfile\systemDictionary.cpp, line 312]
Event: 386.848 Thread 0x000001ed6e707aa0 Exception <a 'java/lang/ClassNotFoundException'{0x000000008cd4b1f0}: org/gradle/api/internal/tasks/DefaultTaskCollectionCustomizer> (0x000000008cd4b1f0) 
thrown [s\src\hotspot\share\classfile\systemDictionary.cpp, line 312]
Event: 386.917 Thread 0x000001ed6e707aa0 Exception <a 'java/lang/ClassNotFoundException'{0x000000008cdfe670}: org/gradle/api/internal/tasks/DefaultTaskContainerCustomizer> (0x000000008cdfe670) 
thrown [s\src\hotspot\share\classfile\systemDictionary.cpp, line 312]
Event: 387.102 Thread 0x000001ed6e707aa0 Exception <a 'java/lang/ClassNotFoundException'{0x000000008cbd7ed0}: org/gradle/api/internal/tasks/DefaultTaskContainer_DecoratedCustomizer> (0x000000008cbd7ed0) 
thrown [s\src\hotspot\share\classfile\systemDictionary.cpp, line 312]

ZGC Phase Switch (0 events):
No events

VM Operations (20 events):
Event: 380.393 Executing safepoint VM operation: Cleanup
Event: 380.409 Executing safepoint VM operation: Cleanup done
Event: 383.428 Executing safepoint VM operation: Cleanup
Event: 383.428 Executing safepoint VM operation: Cleanup done
Event: 387.456 Executing safepoint VM operation: Cleanup
Event: 388.363 Executing safepoint VM operation: Cleanup done
Event: 391.392 Executing safepoint VM operation: Cleanup
Event: 391.393 Executing safepoint VM operation: Cleanup done
Event: 392.406 Executing safepoint VM operation: Cleanup
Event: 392.407 Executing safepoint VM operation: Cleanup done
Event: 393.420 Executing safepoint VM operation: Cleanup
Event: 393.436 Executing safepoint VM operation: Cleanup done
Event: 394.448 Executing safepoint VM operation: Cleanup
Event: 394.463 Executing safepoint VM operation: Cleanup done
Event: 395.469 Executing safepoint VM operation: Cleanup
Event: 395.705 Executing safepoint VM operation: Cleanup done
Event: 396.711 Executing safepoint VM operation: Cleanup
Event: 396.727 Executing safepoint VM operation: Cleanup done
Event: 397.727 Executing safepoint VM operation: Cleanup
Event: 397.727 Executing safepoint VM operation: Cleanup done

Memory protections (0 events):
No events

Nmethod flushes (20 events):
Event: 348.753 Thread 0x000001ed68d54ea0 flushing  nmethod 0x000001ed007a3090
Event: 348.753 Thread 0x000001ed68d54ea0 flushing  nmethod 0x000001ed007a5690
Event: 348.753 Thread 0x000001ed68d54ea0 flushing  nmethod 0x000001ed00877f10
Event: 348.753 Thread 0x000001ed68d54ea0 flushing  nmethod 0x000001ed00941290
Event: 348.753 Thread 0x000001ed68d54ea0 flushing  nmethod 0x000001ed00956f90
Event: 348.754 Thread 0x000001ed68d54ea0 flushing  nmethod 0x000001ed009a9390
Event: 348.754 Thread 0x000001ed68d54ea0 flushing  nmethod 0x000001ed009cf790
Event: 348.754 Thread 0x000001ed68d54ea0 flushing  nmethod 0x000001ed00a01c10
Event: 348.754 Thread 0x000001ed68d54ea0 flushing  nmethod 0x000001ed00a02010
Event: 348.755 Thread 0x000001ed68d54ea0 flushing  nmethod 0x000001ed00b96110
Event: 348.756 Thread 0x000001ed68d54ea0 flushing  nmethod 0x000001ed00b99410
Event: 348.756 Thread 0x000001ed68d54ea0 flushing  nmethod 0x000001ed00cfc910
Event: 348.756 Thread 0x000001ed68d54ea0 flushing  nmethod 0x000001ed00d5b390
Event: 348.756 Thread 0x000001ed68d54ea0 flushing  nmethod 0x000001ed010f1a90
Event: 348.757 Thread 0x000001ed68d54ea0 flushing  nmethod 0x000001ed010f2890
Event: 348.757 Thread 0x000001ed68d54ea0 flushing  nmethod 0x000001ed010fa110
Event: 348.757 Thread 0x000001ed68d54ea0 flushing  nmethod 0x000001ed01159110
Event: 348.757 Thread 0x000001ed68d54ea0 flushing osr nmethod 0x000001ed0115d790
Event: 348.761 Thread 0x000001ed68d54ea0 flushing  nmethod 0x000001ed0117ed10
Event: 348.761 Thread 0x000001ed68d54ea0 flushing  nmethod 0x000001ed01214510

Events (20 events):
Event: 147.363 Thread 0x000001ed6e707aa0 Thread added: 0x000001ed7225ee50
Event: 150.595 Thread 0x000001ed6e707aa0 Thread added: 0x000001ed7225c060
Event: 150.599 Thread 0x000001ed6e707aa0 Thread added: 0x000001ed7225fb70
Event: 150.600 Thread 0x000001ed6e707aa0 Thread added: 0x000001ed7225c6f0
Event: 194.383 Thread 0x000001ed70e83fc0 Thread exited: 0x000001ed70e83fc0
Event: 228.118 Thread 0x000001ed6e707aa0 Thread added: 0x000001ed7225d410
Event: 260.524 Thread 0x000001ed6e615610 Thread exited: 0x000001ed6e615610
Event: 277.019 Thread 0x000001ed6e707aa0 Thread added: 0x000001ed72cea890
Event: 307.405 Thread 0x000001ed6e707aa0 Thread added: 0x000001ed72cea200
Event: 307.468 Thread 0x000001ed6e707aa0 Thread added: 0x000001ed72cebc40
Event: 307.477 Thread 0x000001ed6e707aa0 Thread added: 0x000001ed72262960
Event: 308.165 Thread 0x000001ed6e707aa0 Thread added: 0x000001ed72262ff0
Event: 308.434 Thread 0x000001ed6e707aa0 Thread added: 0x000001ed722615b0
Event: 308.528 Thread 0x000001ed6e707aa0 Thread added: 0x000001ed6e615610
Event: 310.460 Thread 0x000001ed6e707aa0 Thread added: 0x000001ed70e83fc0
Event: 310.467 Thread 0x000001ed6e707aa0 Thread added: 0x000001ed732fc070
Event: 310.499 Thread 0x000001ed6e707aa0 Thread added: 0x000001ed732fb9e0
Event: 327.655 Thread 0x000001ed6e707aa0 Thread added: 0x000001ed732fb350
Event: 345.013 Thread 0x000001ed6e707aa0 Thread added: 0x000001ed732fa630
Event: 396.111 Thread 0x000001ed6d071fc0 Thread added: 0x000001ed72a7c6d0


Dynamic libraries:
0x00007ff6e5c60000 - 0x00007ff6e5c6e000 	C:\Users\USER\.antigravity\extensions\redhat.java-1.53.0-win32-x64\jre\21.0.10-win32-x86_64\bin\java.exe
0x00007ff849d20000 - 0x00007ff849f88000 	C:\WINDOWS\SYSTEM32\ntdll.dll
0x00007ff849210000 - 0x00007ff8492d9000 	C:\WINDOWS\System32\KERNEL32.DLL
0x00007ff847010000 - 0x00007ff847401000 	C:\WINDOWS\System32\KERNELBASE.dll
0x00007ff847680000 - 0x00007ff8477cb000 	C:\WINDOWS\System32\ucrtbase.dll
0x00007ff843990000 - 0x00007ff8439a8000 	C:\Users\USER\.antigravity\extensions\redhat.java-1.53.0-win32-x64\jre\21.0.10-win32-x86_64\bin\jli.dll
0x00007ff8367d0000 - 0x00007ff8367ee000 	C:\Users\USER\.antigravity\extensions\redhat.java-1.53.0-win32-x64\jre\21.0.10-win32-x86_64\bin\VCRUNTIME140.dll
0x00007ff847b10000 - 0x00007ff847cd6000 	C:\WINDOWS\System32\USER32.dll
0x00007ff846600000 - 0x00007ff846627000 	C:\WINDOWS\System32\win32u.dll
0x00007ff8491c0000 - 0x00007ff8491eb000 	C:\WINDOWS\System32\GDI32.dll
0x00007ff8474c0000 - 0x00007ff8475eb000 	C:\WINDOWS\System32\gdi32full.dll
0x00007ff832eb0000 - 0x00007ff833143000 	C:\WINDOWS\WinSxS\amd64_microsoft.windows.common-controls_6595b64144ccf1df_6.0.26100.7824_none_3e0870b2e3345462\COMCTL32.dll
0x00007ff847410000 - 0x00007ff8474b3000 	C:\WINDOWS\System32\msvcp_win.dll
0x00007ff8493e0000 - 0x00007ff849489000 	C:\WINDOWS\System32\msvcrt.dll
0x00007ff848c30000 - 0x00007ff848c61000 	C:\WINDOWS\System32\IMM32.DLL
0x00007ff8364c0000 - 0x00007ff8364cc000 	C:\Users\USER\.antigravity\extensions\redhat.java-1.53.0-win32-x64\jre\21.0.10-win32-x86_64\bin\vcruntime140_1.dll
0x00007ff81e4f0000 - 0x00007ff81e57d000 	C:\Users\USER\.antigravity\extensions\redhat.java-1.53.0-win32-x64\jre\21.0.10-win32-x86_64\bin\msvcp140.dll
0x00007fffbf7a0000 - 0x00007fffc0541000 	C:\Users\USER\.antigravity\extensions\redhat.java-1.53.0-win32-x64\jre\21.0.10-win32-x86_64\bin\server\jvm.dll
0x00007ff849c20000 - 0x00007ff849cd4000 	C:\WINDOWS\System32\ADVAPI32.dll
0x00007ff848c70000 - 0x00007ff848d16000 	C:\WINDOWS\System32\sechost.dll
0x00007ff848a90000 - 0x00007ff848ba8000 	C:\WINDOWS\System32\RPCRT4.dll
0x00007ff847ce0000 - 0x00007ff847d54000 	C:\WINDOWS\System32\WS2_32.dll
0x00007ff846480000 - 0x00007ff8464de000 	C:\WINDOWS\SYSTEM32\POWRPROF.dll
0x00007ff838390000 - 0x00007ff8383c5000 	C:\WINDOWS\SYSTEM32\WINMM.dll
0x00007ff838cb0000 - 0x00007ff838cbb000 	C:\WINDOWS\SYSTEM32\VERSION.dll
0x00007ff846460000 - 0x00007ff846474000 	C:\WINDOWS\SYSTEM32\UMPDC.dll
0x00007ff845360000 - 0x00007ff84537b000 	C:\WINDOWS\SYSTEM32\kernel.appcore.dll
0x00007ff8364b0000 - 0x00007ff8364ba000 	C:\Users\USER\.antigravity\extensions\redhat.java-1.53.0-win32-x64\jre\21.0.10-win32-x86_64\bin\jimage.dll
0x00007ff844480000 - 0x00007ff8446c2000 	C:\WINDOWS\SYSTEM32\DBGHELP.DLL
0x00007ff849890000 - 0x00007ff849c16000 	C:\WINDOWS\System32\combase.dll
0x00007ff848160000 - 0x00007ff848237000 	C:\WINDOWS\System32\OLEAUT32.dll
0x00007ff819af0000 - 0x00007ff819b2b000 	C:\WINDOWS\SYSTEM32\dbgcore.DLL
0x00007ff847a10000 - 0x00007ff847ab5000 	C:\WINDOWS\System32\bcryptPrimitives.dll
0x00007ff8364a0000 - 0x00007ff8364af000 	C:\Users\USER\.antigravity\extensions\redhat.java-1.53.0-win32-x64\jre\21.0.10-win32-x86_64\bin\instrument.dll
0x00007ff836480000 - 0x00007ff8364a0000 	C:\Users\USER\.antigravity\extensions\redhat.java-1.53.0-win32-x64\jre\21.0.10-win32-x86_64\bin\java.dll
0x00007ff848240000 - 0x00007ff848992000 	C:\WINDOWS\System32\SHELL32.dll
0x00007ff846ea0000 - 0x00007ff84700a000 	C:\WINDOWS\System32\wintypes.dll
0x00007ff846630000 - 0x00007ff846e93000 	C:\WINDOWS\System32\windows.storage.dll
0x00007ff8492e0000 - 0x00007ff8493d6000 	C:\WINDOWS\System32\SHCORE.dll
0x00007ff847ef0000 - 0x00007ff847f57000 	C:\WINDOWS\System32\shlwapi.dll
0x00007ff846520000 - 0x00007ff846549000 	C:\WINDOWS\SYSTEM32\profapi.dll
0x00007ff828000000 - 0x00007ff828018000 	C:\Users\USER\.antigravity\extensions\redhat.java-1.53.0-win32-x64\jre\21.0.10-win32-x86_64\bin\zip.dll
0x00007ff836470000 - 0x00007ff836480000 	C:\Users\USER\.antigravity\extensions\redhat.java-1.53.0-win32-x64\jre\21.0.10-win32-x86_64\bin\net.dll
0x00007ff839d00000 - 0x00007ff839e27000 	C:\WINDOWS\SYSTEM32\WINHTTP.dll
0x00007ff8458b0000 - 0x00007ff84591b000 	C:\WINDOWS\system32\mswsock.dll
0x00007ff8224f0000 - 0x00007ff822506000 	C:\Users\USER\.antigravity\extensions\redhat.java-1.53.0-win32-x64\jre\21.0.10-win32-x86_64\bin\nio.dll
0x00007ff82e380000 - 0x00007ff82e390000 	C:\Users\USER\.antigravity\extensions\redhat.java-1.53.0-win32-x64\jre\21.0.10-win32-x86_64\bin\verify.dll
0x00007ff828020000 - 0x00007ff828047000 	C:\Users\USER\.gradle\native\1def1411415f61bf3af743bc5b6707747c0891f09f0c88961ee8f79bc544acac\windows-amd64\native-platform.dll
0x00007ff81a000000 - 0x00007ff81a078000 	C:\Users\USER\.gradle\native\0.2.7\x86_64-windows-gnu\gradle-fileevents.dll
0x00007ff82d630000 - 0x00007ff82d63a000 	C:\Users\USER\.antigravity\extensions\redhat.java-1.53.0-win32-x64\jre\21.0.10-win32-x86_64\bin\management.dll
0x00007ff82bd00000 - 0x00007ff82bd0c000 	C:\Users\USER\.antigravity\extensions\redhat.java-1.53.0-win32-x64\jre\21.0.10-win32-x86_64\bin\management_ext.dll
0x00007ff848d20000 - 0x00007ff848d28000 	C:\WINDOWS\System32\PSAPI.DLL
0x00007ff844d10000 - 0x00007ff844d44000 	C:\WINDOWS\SYSTEM32\IPHLPAPI.DLL
0x00007ff849200000 - 0x00007ff84920a000 	C:\WINDOWS\System32\NSI.dll
0x00007ff8281a0000 - 0x00007ff8281a9000 	C:\Users\USER\.antigravity\extensions\redhat.java-1.53.0-win32-x64\jre\21.0.10-win32-x86_64\bin\extnet.dll
0x00007ff845ca0000 - 0x00007ff845cbb000 	C:\WINDOWS\SYSTEM32\CRYPTSP.dll
0x00007ff8452c0000 - 0x00007ff8452f9000 	C:\WINDOWS\system32\rsaenh.dll
0x00007ff845960000 - 0x00007ff84598b000 	C:\WINDOWS\SYSTEM32\USERENV.dll
0x00007ff8464f0000 - 0x00007ff84651a000 	C:\WINDOWS\SYSTEM32\bcrypt.dll
0x00007ff845b00000 - 0x00007ff845b0c000 	C:\WINDOWS\SYSTEM32\CRYPTBASE.dll
0x00007ff82d670000 - 0x00007ff82d67e000 	C:\Users\USER\.antigravity\extensions\redhat.java-1.53.0-win32-x64\jre\21.0.10-win32-x86_64\bin\sunmscapi.dll
0x00007ff847890000 - 0x00007ff847a07000 	C:\WINDOWS\System32\CRYPT32.dll
0x00007ff845e00000 - 0x00007ff845e30000 	C:\WINDOWS\SYSTEM32\ncrypt.dll
0x00007ff845db0000 - 0x00007ff845def000 	C:\WINDOWS\SYSTEM32\NTASN1.dll
0x00007fffc6f50000 - 0x00007fffc6f58000 	C:\WINDOWS\system32\wshunix.dll
0x00007ff810f40000 - 0x00007ff810f58000 	C:\WINDOWS\system32\napinsp.dll
0x00007ff844da0000 - 0x00007ff844ecc000 	C:\WINDOWS\SYSTEM32\DNSAPI.dll
0x00007ff810ee0000 - 0x00007ff810ef2000 	C:\WINDOWS\System32\winrnr.dll
0x00007ff811050000 - 0x00007ff811072000 	C:\WINDOWS\system32\nlansp_c.dll
0x00007ff838dc0000 - 0x00007ff838dd6000 	C:\WINDOWS\system32\wshbth.dll
0x00007ff830470000 - 0x00007ff83047b000 	C:\Windows\System32\rasadhlp.dll
0x00007ff837540000 - 0x00007ff8375c6000 	C:\WINDOWS\System32\fwpuclnt.dll

JVMTI agents:
C:\Users\USER\.gradle\wrapper\dists\gradle-8.14-all\c2qonpi39x1mddn7hk5gh9iqj\gradle-8.14\lib\agents\gradle-instrumentation-agent-8.14.jar path:C:\Users\USER\.antigravity\extensions\redhat.java-1.53.0-win32-x64\jre\21.0.10-win32-x86_64\bin\instrument.dll, loaded, initialized, instrumentlib options:none

dbghelp: loaded successfully - version: 4.0.5 - missing functions: none
symbol engine: initialized successfully - sym options: 0x614 - pdb path: .;C:\Users\USER\.antigravity\extensions\redhat.java-1.53.0-win32-x64\jre\21.0.10-win32-x86_64\bin;C:\WINDOWS\SYSTEM32;C:\WINDOWS\WinSxS\amd64_microsoft.windows.common-controls_6595b64144ccf1df_6.0.26100.7824_none_3e0870b2e3345462;C:\Users\USER\.antigravity\extensions\redhat.java-1.53.0-win32-x64\jre\21.0.10-win32-x86_64\bin\server;C:\Users\USER\.gradle\native\1def1411415f61bf3af743bc5b6707747c0891f09f0c88961ee8f79bc544acac\windows-amd64;C:\Users\USER\.gradle\native\0.2.7\x86_64-windows-gnu

VM Arguments:
jvm_args: --add-opens=java.base/java.lang=ALL-UNNAMED --add-opens=java.base/java.lang.invoke=ALL-UNNAMED --add-opens=java.base/java.util=ALL-UNNAMED --add-opens=java.prefs/java.util.prefs=ALL-UNNAMED --add-exports=jdk.compiler/com.sun.tools.javac.api=ALL-UNNAMED --add-exports=jdk.compiler/com.sun.tools.javac.util=ALL-UNNAMED --add-opens=java.base/java.util=ALL-UNNAMED --add-opens=java.prefs/java.util.prefs=ALL-UNNAMED --add-opens=java.base/java.nio.charset=ALL-UNNAMED --add-opens=java.base/java.net=ALL-UNNAMED --add-opens=java.base/java.util.concurrent.atomic=ALL-UNNAMED --add-opens=java.xml/javax.xml.namespace=ALL-UNNAMED -XX:MaxMetaspaceSize=1G -XX:ReservedCodeCacheSize=512m -XX:+HeapDumpOnOutOfMemoryError -Xmx2G -Dfile.encoding=UTF-8 -Duser.country=US -Duser.language=en -Duser.variant -javaagent:C:\Users\USER\.gradle\wrapper\dists\gradle-8.14-all\c2qonpi39x1mddn7hk5gh9iqj\gradle-8.14\lib\agents\gradle-instrumentation-agent-8.14.jar 
java_command: org.gradle.launcher.daemon.bootstrap.GradleDaemon 8.14
java_class_path (initial): C:\Users\USER\.gradle\wrapper\dists\gradle-8.14-all\c2qonpi39x1mddn7hk5gh9iqj\gradle-8.14\lib\gradle-daemon-main-8.14.jar
Launcher Type: SUN_STANDARD

[Global flags]
     intx CICompilerCount                          = 3                                         {product} {ergonomic}
   size_t CompressedClassSpaceSize                 = 872415232                                 {product} {ergonomic}
     uint ConcGCThreads                            = 1                                         {product} {ergonomic}
     uint G1ConcRefinementThreads                  = 4                                         {product} {ergonomic}
   size_t G1HeapRegionSize                         = 1048576                                   {product} {ergonomic}
    uintx GCDrainStackTargetSize                   = 64                                        {product} {ergonomic}
     bool HeapDumpOnOutOfMemoryError               = true                                   {manageable} {command line}
   size_t InitialHeapSize                          = 65011712                                  {product} {ergonomic}
   size_t MarkStackSize                            = 4194304                                   {product} {ergonomic}
   size_t MaxHeapSize                              = 2147483648                                {product} {command line}
   size_t MaxMetaspaceSize                         = 1073741824                                {product} {command line}
   size_t MaxNewSize                               = 1287651328                                {product} {ergonomic}
   size_t MinHeapDeltaBytes                        = 1048576                                   {product} {ergonomic}
   size_t MinHeapSize                              = 8388608                                   {product} {ergonomic}
    uintx NonNMethodCodeHeapSize                   = 5832780                                {pd product} {ergonomic}
    uintx NonProfiledCodeHeapSize                  = 265519066                              {pd product} {ergonomic}
    uintx ProfiledCodeHeapSize                     = 265519066                              {pd product} {ergonomic}
    uintx ReservedCodeCacheSize                    = 536870912                              {pd product} {command line}
     bool SegmentedCodeCache                       = true                                      {product} {ergonomic}
   size_t SoftMaxHeapSize                          = 2147483648                             {manageable} {ergonomic}
     bool UseCompressedOops                        = true                           {product lp64_product} {ergonomic}
     bool UseG1GC                                  = true                                      {product} {ergonomic}
     bool UseLargePagesIndividualAllocation        = false                                  {pd product} {ergonomic}

Logging:
Log output configuration:
 #0: stdout all=warning uptime,level,tags foldmultilines=false
 #1: stderr all=off uptime,level,tags foldmultilines=false

Release file:
JAVA_VERSION="21.0.10" 
MODULES="java.base java.compiler java.datatransfer java.xml java.prefs java.desktop java.instrument java.logging java.management java.security.sasl java.naming java.rmi java.management.rmi java.net.http java.scripting java.security.jgss java.transaction.xa java.sql java.sql.rowset java.xml.crypto java.se java.smartcardio jdk.accessibility jdk.internal.jvmstat jdk.attach jdk.charsets jdk.internal.opt jdk.zipfs jdk.compiler jdk.crypto.ec jdk.crypto.cryptoki jdk.crypto.mscapi jdk.dynalink jdk.internal.ed jdk.editpad jdk.hotspot.agent jdk.httpserver jdk.internal.le jdk.internal.vm.ci jdk.internal.vm.compiler jdk.internal.vm.compiler.management jdk.jartool jdk.javadoc jdk.jcmd jdk.management jdk.management.agent jdk.jconsole jdk.jdeps jdk.jdwp.agent jdk.jdi jdk.jfr jdk.jshell jdk.jsobject jdk.jstatd jdk.localedata jdk.management.jfr jdk.naming.dns jdk.naming.rmi jdk.net jdk.nio.mapmode jdk.random jdk.sctp jdk.security.auth jdk.security.jgss jdk.unsupported jdk.unsupported.desktop jdk.xml.dom" 

Environment Variables:
PATH=C:\Program Files (x86)\Common Files\Oracle\Java\java8path;C:\Program Files (x86)\Common Files\Oracle\Java\javapath;C:\Python314\Scripts\;C:\Python314\;C:\WINDOWS\system32;C:\WINDOWS;C:\WINDOWS\System32\Wbem;C:\WINDOWS\System32\WindowsPowerShell\v1.0\;C:\WINDOWS\System32\OpenSSH\;C:\Program Files\nodejs\;C:\ProgramData\chocolatey\bin;C:\Program Files\Docker\Docker\resources\bin;C:\Program Files\Git\cmd;C:\Users\USER\AppData\Local\Microsoft\WindowsApps;C:\Users\USER\AppData\Local\Programs\Microsoft VS Code\bin;C:\flutter\bin;C:\Users\USER\AppData\Roaming\npm;C:\Users\USER\.fly\bin;C:\Users\USER\AppData\Local\Programs\Antigravity\bin
USERNAME=USER
OS=Windows_NT
PROCESSOR_IDENTIFIER=Intel64 Family 6 Model 126 Stepping 5, GenuineIntel
TMP=C:\Users\USER\AppData\Local\Temp
TEMP=C:\Users\USER\AppData\Local\Temp




Periodic native trim disabled

---------------  S Y S T E M  ---------------

OS:
 Windows 11 , 64 bit Build 26100 (10.0.26100.7705)
OS uptime: 0 days 1:21 hours
Hyper-V role detected

CPU: total 4 (initial active 4) (2 cores per cpu, 2 threads per core) family 6 model 126 stepping 5 microcode 0xca, cx8, cmov, fxsr, ht, mmx, 3dnowpref, sse, sse2, sse3, ssse3, sse4.1, sse4.2, popcnt, lzcnt, tsc, tscinvbit, avx, avx2, aes, erms, clmul, bmi1, bmi2, adx, avx512f, avx512dq, avx512cd, avx512bw, avx512vl, sha, fma, vzeroupper, avx512_vpopcntdq, avx512_vpclmulqdq, avx512_vaes, avx512_vnni, clflush, clflushopt, avx512_vbmi2, avx512_vbmi, hv, rdtscp, rdpid, fsrm, gfni, avx512_bitalg, f16c, avx512_ifma
Processor Information for the first 4 processors :
  Max Mhz: 1190, Current Mhz: 1190, Mhz Limit: 1190

Memory: 4k page, system-wide physical 3863M (207M free)
TotalPageFile size 15639M (AvailPageFile size 9M)
current process WorkingSet (physical memory assigned to process): 145M, peak: 334M
current process commit charge ("private bytes"): 555M, peak: 559M

vm_info: OpenJDK 64-Bit Server VM (21.0.10+7-LTS) for windows-amd64 JRE (21.0.10+7-LTS), built on 2026-01-20T00:00:00Z by "admin" with MS VC++ 17.12 (VS2022)

END.
